2023-01-23T06:30:38+00:00 CRITICAL Uncaught Error: Call to undefined function wcs_get_users_subscriptions() in C:\xampp\htdocs\unit_customization_dashboard\wp-content\themes\wplms-child\templates\profile\top.php:13
Stack trace:
#0 C:\xampp\htdocs\unit_customization_dashboard\wp-content\themes\wplms\includes\init.php(1026): include_once()
#1 C:\xampp\htdocs\unit_customization_dashboard\wp-content\themes\wplms\members\single\home.php(17): vibe_include_template('profile/top.php')
#2 C:\xampp\htdocs\unit_customization_dashboard\wp-includes\template.php(783): require_once('C:\\xampp\\htdocs...')
#3 C:\xampp\htdocs\unit_customization_dashboard\wp-content\plugins\buddypress\bp-core\bp-core-catchuri.php(493): load_template('C:\\xampp\\htdocs...')
#4 C:\xampp\htdocs\unit_customization_dashboard\wp-content\plugins\buddypress\bp-xprofile\screens\public.php(35): bp_core_load_template('members/single/...')
#5 C:\xampp\htdocs\unit_customization_dashboard\wp-includes\class-wp-hook.php(308): xprofile_screen_display_profile('')
#6 C:\xampp\htdocs\unit_customization_dashboard\wp-includes\class-wp-hook.php(332): WP_Hook->apply_filters('', Array)
#7 C:\xampp\htdocs\unit_customization_dashboard\wp-includes\plugin.php(517): WP_Hook->do_action(Array)
#8 C:\xampp\htdocs\unit_customization_dashboard\wp-content\plugins\buddypress\bp-core\bp-core-dependency.php(359): do_action('bp_screens')
#9 C:\xampp\htdocs\unit_customization_dashboard\wp-includes\class-wp-hook.php(308): bp_screens('')
#10 C:\xampp\htdocs\unit_customization_dashboard\wp-includes\class-wp-hook.php(332): WP_Hook->apply_filters(NULL, Array)
#11 C:\xampp\htdocs\unit_customization_dashboard\wp-includes\plugin.php(517): WP_Hook->do_action(Array)
#12 C:\xampp\htdocs\unit_customization_dashboard\wp-content\plugins\buddypress\bp-core\bp-core-dependency.php(416): do_action('bp_template_red...')
#13 C:\xampp\htdocs\unit_customization_dashboard\wp-includes\class-wp-hook.php(308): bp_template_redirect('')
#14 C:\xampp\htdocs\unit_customization_dashboard\wp-includes\class-wp-hook.php(332): WP_Hook->apply_filters(NULL, Array)
#15 C:\xampp\htdocs\unit_customization_dashboard\wp-includes\plugin.php(517): WP_Hook->do_action(Array)
#16 C:\xampp\htdocs\unit_customization_dashboard\wp-includes\template-loader.php(13): do_action('template_redire...')
#17 C:\xampp\htdocs\unit_customization_dashboard\wp-blog-header.php(19): require_once('C:\\xampp\\htdocs...')
#18 C:\xampp\htdocs\unit_customization_dashboard\index.php(17): require('C:\\xampp\\htdocs...')
#19 {main}
  thrown in C:\xampp\htdocs\unit_customization_dashboard\wp-content\themes\wplms-child\templates\profile\top.php on line 13

2023-01-23T06:31:52+00:00 CRITICAL Uncaught Error: Call to undefined function wcs_get_users_subscriptions() in C:\xampp\htdocs\unit_customization_dashboard\wp-content\themes\wplms-child\templates\profile\top.php:13
Stack trace:
#0 C:\xampp\htdocs\unit_customization_dashboard\wp-content\themes\wplms\includes\init.php(1026): include_once()
#1 C:\xampp\htdocs\unit_customization_dashboard\wp-content\themes\wplms\members\single\home.php(17): vibe_include_template('profile/top.php')
#2 C:\xampp\htdocs\unit_customization_dashboard\wp-includes\template.php(783): require_once('C:\\xampp\\htdocs...')
#3 C:\xampp\htdocs\unit_customization_dashboard\wp-content\plugins\buddypress\bp-core\bp-core-catchuri.php(493): load_template('C:\\xampp\\htdocs...')
#4 C:\xampp\htdocs\unit_customization_dashboard\wp-content\plugins\buddypress\bp-xprofile\screens\public.php(35): bp_core_load_template('members/single/...')
#5 C:\xampp\htdocs\unit_customization_dashboard\wp-includes\class-wp-hook.php(308): xprofile_screen_display_profile('')
#6 C:\xampp\htdocs\unit_customization_dashboard\wp-includes\class-wp-hook.php(332): WP_Hook->apply_filters('', Array)
#7 C:\xampp\htdocs\unit_customization_dashboard\wp-includes\plugin.php(517): WP_Hook->do_action(Array)
#8 C:\xampp\htdocs\unit_customization_dashboard\wp-content\plugins\buddypress\bp-core\bp-core-dependency.php(359): do_action('bp_screens')
#9 C:\xampp\htdocs\unit_customization_dashboard\wp-includes\class-wp-hook.php(308): bp_screens('')
#10 C:\xampp\htdocs\unit_customization_dashboard\wp-includes\class-wp-hook.php(332): WP_Hook->apply_filters(NULL, Array)
#11 C:\xampp\htdocs\unit_customization_dashboard\wp-includes\plugin.php(517): WP_Hook->do_action(Array)
#12 C:\xampp\htdocs\unit_customization_dashboard\wp-content\plugins\buddypress\bp-core\bp-core-dependency.php(416): do_action('bp_template_red...')
#13 C:\xampp\htdocs\unit_customization_dashboard\wp-includes\class-wp-hook.php(308): bp_template_redirect('')
#14 C:\xampp\htdocs\unit_customization_dashboard\wp-includes\class-wp-hook.php(332): WP_Hook->apply_filters(NULL, Array)
#15 C:\xampp\htdocs\unit_customization_dashboard\wp-includes\plugin.php(517): WP_Hook->do_action(Array)
#16 C:\xampp\htdocs\unit_customization_dashboard\wp-includes\template-loader.php(13): do_action('template_redire...')
#17 C:\xampp\htdocs\unit_customization_dashboard\wp-blog-header.php(19): require_once('C:\\xampp\\htdocs...')
#18 C:\xampp\htdocs\unit_customization_dashboard\index.php(17): require('C:\\xampp\\htdocs...')
#19 {main}
  thrown in C:\xampp\htdocs\unit_customization_dashboard\wp-content\themes\wplms-child\templates\profile\top.php on line 13

2023-01-23T06:38:21+00:00 CRITICAL Uncaught Error: Call to undefined function wcs_get_users_subscriptions() in C:\xampp\htdocs\unit_customization_dashboard\wp-content\themes\wplms-child\templates\profile\top.php:13
Stack trace:
#0 C:\xampp\htdocs\unit_customization_dashboard\wp-content\themes\wplms\includes\init.php(1026): include_once()
#1 C:\xampp\htdocs\unit_customization_dashboard\wp-content\themes\wplms\members\single\home.php(17): vibe_include_template('profile/top.php')
#2 C:\xampp\htdocs\unit_customization_dashboard\wp-includes\template.php(783): require_once('C:\\xampp\\htdocs...')
#3 C:\xampp\htdocs\unit_customization_dashboard\wp-content\plugins\buddypress\bp-core\bp-core-catchuri.php(493): load_template('C:\\xampp\\htdocs...')
#4 C:\xampp\htdocs\unit_customization_dashboard\wp-content\plugins\buddypress\bp-xprofile\screens\public.php(35): bp_core_load_template('members/single/...')
#5 C:\xampp\htdocs\unit_customization_dashboard\wp-includes\class-wp-hook.php(308): xprofile_screen_display_profile('')
#6 C:\xampp\htdocs\unit_customization_dashboard\wp-includes\class-wp-hook.php(332): WP_Hook->apply_filters('', Array)
#7 C:\xampp\htdocs\unit_customization_dashboard\wp-includes\plugin.php(517): WP_Hook->do_action(Array)
#8 C:\xampp\htdocs\unit_customization_dashboard\wp-content\plugins\buddypress\bp-core\bp-core-dependency.php(359): do_action('bp_screens')
#9 C:\xampp\htdocs\unit_customization_dashboard\wp-includes\class-wp-hook.php(308): bp_screens('')
#10 C:\xampp\htdocs\unit_customization_dashboard\wp-includes\class-wp-hook.php(332): WP_Hook->apply_filters(NULL, Array)
#11 C:\xampp\htdocs\unit_customization_dashboard\wp-includes\plugin.php(517): WP_Hook->do_action(Array)
#12 C:\xampp\htdocs\unit_customization_dashboard\wp-content\plugins\buddypress\bp-core\bp-core-dependency.php(416): do_action('bp_template_red...')
#13 C:\xampp\htdocs\unit_customization_dashboard\wp-includes\class-wp-hook.php(308): bp_template_redirect('')
#14 C:\xampp\htdocs\unit_customization_dashboard\wp-includes\class-wp-hook.php(332): WP_Hook->apply_filters(NULL, Array)
#15 C:\xampp\htdocs\unit_customization_dashboard\wp-includes\plugin.php(517): WP_Hook->do_action(Array)
#16 C:\xampp\htdocs\unit_customization_dashboard\wp-includes\template-loader.php(13): do_action('template_redire...')
#17 C:\xampp\htdocs\unit_customization_dashboard\wp-blog-header.php(19): require_once('C:\\xampp\\htdocs...')
#18 C:\xampp\htdocs\unit_customization_dashboard\index.php(17): require('C:\\xampp\\htdocs...')
#19 {main}
  thrown in C:\xampp\htdocs\unit_customization_dashboard\wp-content\themes\wplms-child\templates\profile\top.php on line 13

2023-01-23T06:38:36+00:00 CRITICAL Uncaught Error: Call to undefined function wcs_get_users_subscriptions() in C:\xampp\htdocs\unit_customization_dashboard\wp-content\themes\wplms-child\templates\profile\top.php:13
Stack trace:
#0 C:\xampp\htdocs\unit_customization_dashboard\wp-content\themes\wplms\includes\init.php(1026): include_once()
#1 C:\xampp\htdocs\unit_customization_dashboard\wp-content\themes\wplms\members\single\home.php(17): vibe_include_template('profile/top.php')
#2 C:\xampp\htdocs\unit_customization_dashboard\wp-includes\template.php(783): require_once('C:\\xampp\\htdocs...')
#3 C:\xampp\htdocs\unit_customization_dashboard\wp-content\plugins\buddypress\bp-core\bp-core-catchuri.php(493): load_template('C:\\xampp\\htdocs...')
#4 C:\xampp\htdocs\unit_customization_dashboard\wp-content\plugins\buddypress\bp-xprofile\screens\public.php(35): bp_core_load_template('members/single/...')
#5 C:\xampp\htdocs\unit_customization_dashboard\wp-includes\class-wp-hook.php(308): xprofile_screen_display_profile('')
#6 C:\xampp\htdocs\unit_customization_dashboard\wp-includes\class-wp-hook.php(332): WP_Hook->apply_filters('', Array)
#7 C:\xampp\htdocs\unit_customization_dashboard\wp-includes\plugin.php(517): WP_Hook->do_action(Array)
#8 C:\xampp\htdocs\unit_customization_dashboard\wp-content\plugins\buddypress\bp-core\bp-core-dependency.php(359): do_action('bp_screens')
#9 C:\xampp\htdocs\unit_customization_dashboard\wp-includes\class-wp-hook.php(308): bp_screens('')
#10 C:\xampp\htdocs\unit_customization_dashboard\wp-includes\class-wp-hook.php(332): WP_Hook->apply_filters(NULL, Array)
#11 C:\xampp\htdocs\unit_customization_dashboard\wp-includes\plugin.php(517): WP_Hook->do_action(Array)
#12 C:\xampp\htdocs\unit_customization_dashboard\wp-content\plugins\buddypress\bp-core\bp-core-dependency.php(416): do_action('bp_template_red...')
#13 C:\xampp\htdocs\unit_customization_dashboard\wp-includes\class-wp-hook.php(308): bp_template_redirect('')
#14 C:\xampp\htdocs\unit_customization_dashboard\wp-includes\class-wp-hook.php(332): WP_Hook->apply_filters(NULL, Array)
#15 C:\xampp\htdocs\unit_customization_dashboard\wp-includes\plugin.php(517): WP_Hook->do_action(Array)
#16 C:\xampp\htdocs\unit_customization_dashboard\wp-includes\template-loader.php(13): do_action('template_redire...')
#17 C:\xampp\htdocs\unit_customization_dashboard\wp-blog-header.php(19): require_once('C:\\xampp\\htdocs...')
#18 C:\xampp\htdocs\unit_customization_dashboard\index.php(17): require('C:\\xampp\\htdocs...')
#19 {main}
  thrown in C:\xampp\htdocs\unit_customization_dashboard\wp-content\themes\wplms-child\templates\profile\top.php on line 13

2023-01-23T08:39:57+00:00 CRITICAL Uncaught Error: Call to undefined function wcs_get_users_subscriptions() in C:\xampp\htdocs\unit_customization_dashboard\wp-content\themes\wplms-child\templates\profile\top.php:13
Stack trace:
#0 C:\xampp\htdocs\unit_customization_dashboard\wp-content\themes\wplms\includes\init.php(1026): include_once()
#1 C:\xampp\htdocs\unit_customization_dashboard\wp-content\themes\wplms\members\single\home.php(17): vibe_include_template('profile/top.php')
#2 C:\xampp\htdocs\unit_customization_dashboard\wp-includes\template.php(783): require_once('C:\\xampp\\htdocs...')
#3 C:\xampp\htdocs\unit_customization_dashboard\wp-content\plugins\buddypress\bp-core\bp-core-catchuri.php(493): load_template('C:\\xampp\\htdocs...')
#4 C:\xampp\htdocs\unit_customization_dashboard\wp-content\plugins\buddypress\bp-xprofile\screens\public.php(35): bp_core_load_template('members/single/...')
#5 C:\xampp\htdocs\unit_customization_dashboard\wp-includes\class-wp-hook.php(308): xprofile_screen_display_profile('')
#6 C:\xampp\htdocs\unit_customization_dashboard\wp-includes\class-wp-hook.php(332): WP_Hook->apply_filters('', Array)
#7 C:\xampp\htdocs\unit_customization_dashboard\wp-includes\plugin.php(517): WP_Hook->do_action(Array)
#8 C:\xampp\htdocs\unit_customization_dashboard\wp-content\plugins\buddypress\bp-core\bp-core-dependency.php(359): do_action('bp_screens')
#9 C:\xampp\htdocs\unit_customization_dashboard\wp-includes\class-wp-hook.php(308): bp_screens('')
#10 C:\xampp\htdocs\unit_customization_dashboard\wp-includes\class-wp-hook.php(332): WP_Hook->apply_filters(NULL, Array)
#11 C:\xampp\htdocs\unit_customization_dashboard\wp-includes\plugin.php(517): WP_Hook->do_action(Array)
#12 C:\xampp\htdocs\unit_customization_dashboard\wp-content\plugins\buddypress\bp-core\bp-core-dependency.php(416): do_action('bp_template_red...')
#13 C:\xampp\htdocs\unit_customization_dashboard\wp-includes\class-wp-hook.php(308): bp_template_redirect('')
#14 C:\xampp\htdocs\unit_customization_dashboard\wp-includes\class-wp-hook.php(332): WP_Hook->apply_filters(NULL, Array)
#15 C:\xampp\htdocs\unit_customization_dashboard\wp-includes\plugin.php(517): WP_Hook->do_action(Array)
#16 C:\xampp\htdocs\unit_customization_dashboard\wp-includes\template-loader.php(13): do_action('template_redire...')
#17 C:\xampp\htdocs\unit_customization_dashboard\wp-blog-header.php(19): require_once('C:\\xampp\\htdocs...')
#18 C:\xampp\htdocs\unit_customization_dashboard\index.php(17): require('C:\\xampp\\htdocs...')
#19 {main}
  thrown in C:\xampp\htdocs\unit_customization_dashboard\wp-content\themes\wplms-child\templates\profile\top.php on line 13

2023-01-23T08:49:27+00:00 CRITICAL Uncaught TypeError: strpos(): Argument #1 ($haystack) must be of type string, array given in C:\xampp\htdocs\unit_customization_dashboard\wp-includes\shortcodes.php:208
Stack trace:
#0 C:\xampp\htdocs\unit_customization_dashboard\wp-includes\shortcodes.php(208): strpos(Array, '[')
#1 C:\xampp\htdocs\unit_customization_dashboard\wp-content\plugins\vibe-course-module\includes\bp-course-actions.php(831): do_shortcode(Array)
#2 C:\xampp\htdocs\unit_customization_dashboard\wp-includes\class-wp-hook.php(308): BP_Course_Action->unit_content('')
#3 C:\xampp\htdocs\unit_customization_dashboard\wp-includes\class-wp-hook.php(332): WP_Hook->apply_filters('', Array)
#4 C:\xampp\htdocs\unit_customization_dashboard\wp-includes\plugin.php(517): WP_Hook->do_action(Array)
#5 C:\xampp\htdocs\unit_customization_dashboard\wp-content\themes\wplms-child\templates\course\start\fullscreen.php(822): do_action('wplms_unit_cont...')
#6 C:\xampp\htdocs\unit_customization_dashboard\wp-content\themes\wplms\includes\init.php(1026): include_once('C:\\xampp\\htdocs...')
#7 C:\xampp\htdocs\unit_customization_dashboard\wp-content\themes\wplms\start.php(24): vibe_include_template('course/start/fu...')
#8 C:\xampp\htdocs\unit_customization_dashboard\wp-includes\template-loader.php(106): include('C:\\xampp\\htdocs...')
#9 C:\xampp\htdocs\unit_customization_dashboard\wp-blog-header.php(19): require_once('C:\\xampp\\htdocs...')
#10 C:\xampp\htdocs\unit_customization_dashboard\index.php(17): require('C:\\xampp\\htdocs...')
#11 {main}
  thrown in C:\xampp\htdocs\unit_customization_dashboard\wp-includes\shortcodes.php on line 208

2023-01-23T08:50:02+00:00 CRITICAL Uncaught TypeError: strpos(): Argument #1 ($haystack) must be of type string, array given in C:\xampp\htdocs\unit_customization_dashboard\wp-includes\shortcodes.php:208
Stack trace:
#0 C:\xampp\htdocs\unit_customization_dashboard\wp-includes\shortcodes.php(208): strpos(Array, '[')
#1 C:\xampp\htdocs\unit_customization_dashboard\wp-content\plugins\vibe-course-module\includes\bp-course-actions.php(831): do_shortcode(Array)
#2 C:\xampp\htdocs\unit_customization_dashboard\wp-includes\class-wp-hook.php(308): BP_Course_Action->unit_content('')
#3 C:\xampp\htdocs\unit_customization_dashboard\wp-includes\class-wp-hook.php(332): WP_Hook->apply_filters('', Array)
#4 C:\xampp\htdocs\unit_customization_dashboard\wp-includes\plugin.php(517): WP_Hook->do_action(Array)
#5 C:\xampp\htdocs\unit_customization_dashboard\wp-content\themes\wplms-child\templates\course\start\fullscreen.php(822): do_action('wplms_unit_cont...')
#6 C:\xampp\htdocs\unit_customization_dashboard\wp-content\themes\wplms\includes\init.php(1026): include_once('C:\\xampp\\htdocs...')
#7 C:\xampp\htdocs\unit_customization_dashboard\wp-content\themes\wplms\start.php(24): vibe_include_template('course/start/fu...')
#8 C:\xampp\htdocs\unit_customization_dashboard\wp-includes\template-loader.php(106): include('C:\\xampp\\htdocs...')
#9 C:\xampp\htdocs\unit_customization_dashboard\wp-blog-header.php(19): require_once('C:\\xampp\\htdocs...')
#10 C:\xampp\htdocs\unit_customization_dashboard\index.php(17): require('C:\\xampp\\htdocs...')
#11 {main}
  thrown in C:\xampp\htdocs\unit_customization_dashboard\wp-includes\shortcodes.php on line 208

2023-01-23T08:51:01+00:00 CRITICAL Uncaught TypeError: strpos(): Argument #1 ($haystack) must be of type string, array given in C:\xampp\htdocs\unit_customization_dashboard\wp-includes\shortcodes.php:208
Stack trace:
#0 C:\xampp\htdocs\unit_customization_dashboard\wp-includes\shortcodes.php(208): strpos(Array, '[')
#1 C:\xampp\htdocs\unit_customization_dashboard\wp-content\plugins\vibe-course-module\includes\bp-course-actions.php(831): do_shortcode(Array)
#2 C:\xampp\htdocs\unit_customization_dashboard\wp-includes\class-wp-hook.php(308): BP_Course_Action->unit_content('')
#3 C:\xampp\htdocs\unit_customization_dashboard\wp-includes\class-wp-hook.php(332): WP_Hook->apply_filters('', Array)
#4 C:\xampp\htdocs\unit_customization_dashboard\wp-includes\plugin.php(517): WP_Hook->do_action(Array)
#5 C:\xampp\htdocs\unit_customization_dashboard\wp-content\themes\wplms-child\templates\course\start\fullscreen.php(822): do_action('wplms_unit_cont...')
#6 C:\xampp\htdocs\unit_customization_dashboard\wp-content\themes\wplms\includes\init.php(1026): include_once('C:\\xampp\\htdocs...')
#7 C:\xampp\htdocs\unit_customization_dashboard\wp-content\themes\wplms\start.php(24): vibe_include_template('course/start/fu...')
#8 C:\xampp\htdocs\unit_customization_dashboard\wp-includes\template-loader.php(106): include('C:\\xampp\\htdocs...')
#9 C:\xampp\htdocs\unit_customization_dashboard\wp-blog-header.php(19): require_once('C:\\xampp\\htdocs...')
#10 C:\xampp\htdocs\unit_customization_dashboard\index.php(17): require('C:\\xampp\\htdocs...')
#11 {main}
  thrown in C:\xampp\htdocs\unit_customization_dashboard\wp-includes\shortcodes.php on line 208

2023-01-23T08:54:40+00:00 CRITICAL syntax error, unexpected token "}", expecting "," or ";" in C:\xampp\htdocs\unit_customization_dashboard\wp-content\themes\wplms-child\functions.php on line 78

2023-01-23T08:55:06+00:00 CRITICAL Uncaught Error: Call to undefined function wcs_get_users_subscriptions() in C:\xampp\htdocs\unit_customization_dashboard\wp-content\themes\wplms-child\functions.php:73
Stack trace:
#0 C:\xampp\htdocs\unit_customization_dashboard\wp-includes\shortcodes.php(355): bottom_add('', '', 'foy_bottom_add')
#1 [internal function]: do_shortcode_tag(Array)
#2 C:\xampp\htdocs\unit_customization_dashboard\wp-includes\shortcodes.php(227): preg_replace_callback('/\\[(\\[?)(foy_bo...', 'do_shortcode_ta...', '[foy_bottom_add...')
#3 C:\xampp\htdocs\unit_customization_dashboard\wp-content\plugins\vibe-course-module\includes\bp-course-actions.php(831): do_shortcode('[foy_bottom_add...')
#4 C:\xampp\htdocs\unit_customization_dashboard\wp-includes\class-wp-hook.php(308): BP_Course_Action->unit_content('')
#5 C:\xampp\htdocs\unit_customization_dashboard\wp-includes\class-wp-hook.php(332): WP_Hook->apply_filters('', Array)
#6 C:\xampp\htdocs\unit_customization_dashboard\wp-includes\plugin.php(517): WP_Hook->do_action(Array)
#7 C:\xampp\htdocs\unit_customization_dashboard\wp-content\themes\wplms-child\templates\course\start\fullscreen.php(822): do_action('wplms_unit_cont...')
#8 C:\xampp\htdocs\unit_customization_dashboard\wp-content\themes\wplms\includes\init.php(1026): include_once('C:\\xampp\\htdocs...')
#9 C:\xampp\htdocs\unit_customization_dashboard\wp-content\themes\wplms\start.php(24): vibe_include_template('course/start/fu...')
#10 C:\xampp\htdocs\unit_customization_dashboard\wp-includes\template-loader.php(106): include('C:\\xampp\\htdocs...')
#11 C:\xampp\htdocs\unit_customization_dashboard\wp-blog-header.php(19): require_once('C:\\xampp\\htdocs...')
#12 C:\xampp\htdocs\unit_customization_dashboard\index.php(17): require('C:\\xampp\\htdocs...')
#13 {main}
  thrown in C:\xampp\htdocs\unit_customization_dashboard\wp-content\themes\wplms-child\functions.php on line 73

2023-01-23T08:55:31+00:00 CRITICAL Uncaught Error: Call to undefined function wcs_get_users_subscriptions() in C:\xampp\htdocs\unit_customization_dashboard\wp-content\themes\wplms-child\functions.php:73
Stack trace:
#0 C:\xampp\htdocs\unit_customization_dashboard\wp-includes\shortcodes.php(355): bottom_add('', '', 'foy_bottom_add')
#1 [internal function]: do_shortcode_tag(Array)
#2 C:\xampp\htdocs\unit_customization_dashboard\wp-includes\shortcodes.php(227): preg_replace_callback('/\\[(\\[?)(foy_bo...', 'do_shortcode_ta...', '[foy_bottom_add...')
#3 C:\xampp\htdocs\unit_customization_dashboard\wp-content\plugins\vibe-course-module\includes\bp-course-actions.php(831): do_shortcode('[foy_bottom_add...')
#4 C:\xampp\htdocs\unit_customization_dashboard\wp-includes\class-wp-hook.php(308): BP_Course_Action->unit_content('')
#5 C:\xampp\htdocs\unit_customization_dashboard\wp-includes\class-wp-hook.php(332): WP_Hook->apply_filters('', Array)
#6 C:\xampp\htdocs\unit_customization_dashboard\wp-includes\plugin.php(517): WP_Hook->do_action(Array)
#7 C:\xampp\htdocs\unit_customization_dashboard\wp-content\themes\wplms-child\templates\course\start\fullscreen.php(822): do_action('wplms_unit_cont...')
#8 C:\xampp\htdocs\unit_customization_dashboard\wp-content\themes\wplms\includes\init.php(1026): include_once('C:\\xampp\\htdocs...')
#9 C:\xampp\htdocs\unit_customization_dashboard\wp-content\themes\wplms\start.php(24): vibe_include_template('course/start/fu...')
#10 C:\xampp\htdocs\unit_customization_dashboard\wp-includes\template-loader.php(106): include('C:\\xampp\\htdocs...')
#11 C:\xampp\htdocs\unit_customization_dashboard\wp-blog-header.php(19): require_once('C:\\xampp\\htdocs...')
#12 C:\xampp\htdocs\unit_customization_dashboard\index.php(17): require('C:\\xampp\\htdocs...')
#13 {main}
  thrown in C:\xampp\htdocs\unit_customization_dashboard\wp-content\themes\wplms-child\functions.php on line 73

2023-01-23T09:19:55+00:00 CRITICAL Uncaught Error: Call to undefined function wcs_get_users_subscriptions() in C:\xampp\htdocs\unit_customization_dashboard\wp-content\themes\wplms-child\functions.php:104
Stack trace:
#0 C:\xampp\htdocs\unit_customization_dashboard\wp-settings.php(585): include()
#1 C:\xampp\htdocs\unit_customization_dashboard\wp-config.php(100): require_once('C:\\xampp\\htdocs...')
#2 C:\xampp\htdocs\unit_customization_dashboard\wp-load.php(50): require_once('C:\\xampp\\htdocs...')
#3 C:\xampp\htdocs\unit_customization_dashboard\wp-blog-header.php(13): require_once('C:\\xampp\\htdocs...')
#4 C:\xampp\htdocs\unit_customization_dashboard\index.php(17): require('C:\\xampp\\htdocs...')
#5 {main}
  thrown in C:\xampp\htdocs\unit_customization_dashboard\wp-content\themes\wplms-child\functions.php on line 104

