2023-01-25T09:49:34+00:00 CRITICAL Uncaught TypeError: count(): Argument #1 ($value) must be of type Countable|array, null given in C:\xampp\htdocs\unit_customization_dashboard\wp-content\themes\wplms\includes\func.php:1475
Stack trace:
#0 C:\xampp\htdocs\unit_customization_dashboard\wp-includes\class-wp-hook.php(308): wplms_redirect_to_course(546)
#1 C:\xampp\htdocs\unit_customization_dashboard\wp-includes\class-wp-hook.php(332): WP_Hook->apply_filters(NULL, Array)
#2 C:\xampp\htdocs\unit_customization_dashboard\wp-includes\plugin.php(517): WP_Hook->do_action(Array)
#3 C:\xampp\htdocs\unit_customization_dashboard\wp-content\plugins\woocommerce\templates\checkout\thankyou.php(80): do_action('woocommerce_tha...', 546)
#4 C:\xampp\htdocs\unit_customization_dashboard\wp-content\plugins\woocommerce\includes\wc-core-functions.php(345): include('C:\\xampp\\htdocs...')
#5 C:\xampp\htdocs\unit_customization_dashboard\wp-content\plugins\woocommerce\includes\shortcodes\class-wc-shortcode-checkout.php(279): wc_get_template('checkout/thanky...', Array)
#6 C:\xampp\htdocs\unit_customization_dashboard\wp-content\plugins\woocommerce\includes\shortcodes\class-wc-shortcode-checkout.php(63): WC_Shortcode_Checkout::order_received(546)
#7 C:\xampp\htdocs\unit_customization_dashboard\wp-content\plugins\woocommerce\includes\class-wc-shortcodes.php(72): WC_Shortcode_Checkout::output('')
#8 C:\xampp\htdocs\unit_customization_dashboard\wp-content\plugins\woocommerce\includes\class-wc-shortcodes.php(95): WC_Shortcodes::shortcode_wrapper(Array, '')
#9 C:\xampp\htdocs\unit_customization_dashboard\wp-includes\shortcodes.php(355): WC_Shortcodes::checkout('', '', 'woocommerce_che...')
#10 [internal function]: do_shortcode_tag(Array)
#11 C:\xampp\htdocs\unit_customization_dashboard\wp-includes\shortcodes.php(227): preg_replace_callback('/\\[(\\[?)(woocom...', 'do_shortcode_ta...', '[woocommerce_ch...')
#12 C:\xampp\htdocs\unit_customization_dashboard\wp-includes\class-wp-hook.php(308): do_shortcode('[woocommerce_ch...')
#13 C:\xampp\htdocs\unit_customization_dashboard\wp-includes\plugin.php(205): WP_Hook->apply_filters('[woocommerce_ch...', Array)
#14 C:\xampp\htdocs\unit_customization_dashboard\wp-includes\post-template.php(255): apply_filters('the_content', '<!-- wp:shortco...')
#15 C:\xampp\htdocs\unit_customization_dashboard\wp-content\themes\wplms\page.php(43): the_content()
#16 C:\xampp\htdocs\unit_customization_dashboard\wp-includes\template-loader.php(106): include('C:\\xampp\\htdocs...')
#17 C:\xampp\htdocs\unit_customization_dashboard\wp-blog-header.php(19): require_once('C:\\xampp\\htdocs...')
#18 C:\xampp\htdocs\unit_customization_dashboard\index.php(17): require('C:\\xampp\\htdocs...')
#19 {main}
  thrown in C:\xampp\htdocs\unit_customization_dashboard\wp-content\themes\wplms\includes\func.php on line 1475

