2023-01-16T10:11:59+00:00 CRITICAL Uncaught TypeError: array_push(): Argument #1 ($array) must be of type array, int given in C:\xampp\htdocs\unit_customization_dashboard\wp-content\themes\wplms-child\classes\for_you.php:226
Stack trace:
#0 C:\xampp\htdocs\unit_customization_dashboard\wp-content\themes\wplms-child\classes\for_you.php(226): array_push(1, 'Language')
#1 C:\xampp\htdocs\unit_customization_dashboard\wp-content\themes\wplms-child\templates\profile\top.php(22): ForYou->userRecommendedCourse(Object(stdClass))
#2 C:\xampp\htdocs\unit_customization_dashboard\wp-content\themes\wplms\includes\init.php(1026): include_once('C:\\xampp\\htdocs...')
#3 C:\xampp\htdocs\unit_customization_dashboard\wp-content\themes\wplms\members\single\home.php(17): vibe_include_template('profile/top.php')
#4 C:\xampp\htdocs\unit_customization_dashboard\wp-includes\template.php(783): require_once('C:\\xampp\\htdocs...')
#5 C:\xampp\htdocs\unit_customization_dashboard\wp-content\plugins\buddypress\bp-core\bp-core-catchuri.php(493): load_template('C:\\xampp\\htdocs...')
#6 C:\xampp\htdocs\unit_customization_dashboard\wp-content\plugins\buddypress\bp-xprofile\screens\public.php(35): bp_core_load_template('members/single/...')
#7 C:\xampp\htdocs\unit_customization_dashboard\wp-includes\class-wp-hook.php(308): xprofile_screen_display_profile('')
#8 C:\xampp\htdocs\unit_customization_dashboard\wp-includes\class-wp-hook.php(332): WP_Hook->apply_filters('', Array)
#9 C:\xampp\htdocs\unit_customization_dashboard\wp-includes\plugin.php(517): WP_Hook->do_action(Array)
#10 C:\xampp\htdocs\unit_customization_dashboard\wp-content\plugins\buddypress\bp-core\bp-core-dependency.php(359): do_action('bp_screens')
#11 C:\xampp\htdocs\unit_customization_dashboard\wp-includes\class-wp-hook.php(308): bp_screens('')
#12 C:\xampp\htdocs\unit_customization_dashboard\wp-includes\class-wp-hook.php(332): WP_Hook->apply_filters(NULL, Array)
#13 C:\xampp\htdocs\unit_customization_dashboard\wp-includes\plugin.php(517): WP_Hook->do_action(Array)
#14 C:\xampp\htdocs\unit_customization_dashboard\wp-content\plugins\buddypress\bp-core\bp-core-dependency.php(416): do_action('bp_template_red...')
#15 C:\xampp\htdocs\unit_customization_dashboard\wp-includes\class-wp-hook.php(308): bp_template_redirect('')
#16 C:\xampp\htdocs\unit_customization_dashboard\wp-includes\class-wp-hook.php(332): WP_Hook->apply_filters(NULL, Array)
#17 C:\xampp\htdocs\unit_customization_dashboard\wp-includes\plugin.php(517): WP_Hook->do_action(Array)
#18 C:\xampp\htdocs\unit_customization_dashboard\wp-includes\template-loader.php(13): do_action('template_redire...')
#19 C:\xampp\htdocs\unit_customization_dashboard\wp-blog-header.php(19): require_once('C:\\xampp\\htdocs...')
#20 C:\xampp\htdocs\unit_customization_dashboard\index.php(17): require('C:\\xampp\\htdocs...')
#21 {main}
  thrown in C:\xampp\htdocs\unit_customization_dashboard\wp-content\themes\wplms-child\classes\for_you.php on line 226

2023-01-16T10:12:07+00:00 CRITICAL Uncaught TypeError: array_push(): Argument #1 ($array) must be of type array, int given in C:\xampp\htdocs\unit_customization_dashboard\wp-content\themes\wplms-child\classes\for_you.php:226
Stack trace:
#0 C:\xampp\htdocs\unit_customization_dashboard\wp-content\themes\wplms-child\classes\for_you.php(226): array_push(1, 'Language')
#1 C:\xampp\htdocs\unit_customization_dashboard\wp-content\themes\wplms-child\templates\profile\top.php(22): ForYou->userRecommendedCourse(Object(stdClass))
#2 C:\xampp\htdocs\unit_customization_dashboard\wp-content\themes\wplms\includes\init.php(1026): include_once('C:\\xampp\\htdocs...')
#3 C:\xampp\htdocs\unit_customization_dashboard\wp-content\themes\wplms\members\single\home.php(17): vibe_include_template('profile/top.php')
#4 C:\xampp\htdocs\unit_customization_dashboard\wp-includes\template.php(783): require_once('C:\\xampp\\htdocs...')
#5 C:\xampp\htdocs\unit_customization_dashboard\wp-content\plugins\buddypress\bp-core\bp-core-catchuri.php(493): load_template('C:\\xampp\\htdocs...')
#6 C:\xampp\htdocs\unit_customization_dashboard\wp-content\plugins\buddypress\bp-xprofile\screens\public.php(35): bp_core_load_template('members/single/...')
#7 C:\xampp\htdocs\unit_customization_dashboard\wp-includes\class-wp-hook.php(308): xprofile_screen_display_profile('')
#8 C:\xampp\htdocs\unit_customization_dashboard\wp-includes\class-wp-hook.php(332): WP_Hook->apply_filters('', Array)
#9 C:\xampp\htdocs\unit_customization_dashboard\wp-includes\plugin.php(517): WP_Hook->do_action(Array)
#10 C:\xampp\htdocs\unit_customization_dashboard\wp-content\plugins\buddypress\bp-core\bp-core-dependency.php(359): do_action('bp_screens')
#11 C:\xampp\htdocs\unit_customization_dashboard\wp-includes\class-wp-hook.php(308): bp_screens('')
#12 C:\xampp\htdocs\unit_customization_dashboard\wp-includes\class-wp-hook.php(332): WP_Hook->apply_filters(NULL, Array)
#13 C:\xampp\htdocs\unit_customization_dashboard\wp-includes\plugin.php(517): WP_Hook->do_action(Array)
#14 C:\xampp\htdocs\unit_customization_dashboard\wp-content\plugins\buddypress\bp-core\bp-core-dependency.php(416): do_action('bp_template_red...')
#15 C:\xampp\htdocs\unit_customization_dashboard\wp-includes\class-wp-hook.php(308): bp_template_redirect('')
#16 C:\xampp\htdocs\unit_customization_dashboard\wp-includes\class-wp-hook.php(332): WP_Hook->apply_filters(NULL, Array)
#17 C:\xampp\htdocs\unit_customization_dashboard\wp-includes\plugin.php(517): WP_Hook->do_action(Array)
#18 C:\xampp\htdocs\unit_customization_dashboard\wp-includes\template-loader.php(13): do_action('template_redire...')
#19 C:\xampp\htdocs\unit_customization_dashboard\wp-blog-header.php(19): require_once('C:\\xampp\\htdocs...')
#20 C:\xampp\htdocs\unit_customization_dashboard\index.php(17): require('C:\\xampp\\htdocs...')
#21 {main}
  thrown in C:\xampp\htdocs\unit_customization_dashboard\wp-content\themes\wplms-child\classes\for_you.php on line 226

2023-01-16T10:21:18+00:00 CRITICAL Uncaught TypeError: array_push(): Argument #1 ($array) must be of type array, null given in C:\xampp\htdocs\unit_customization_dashboard\wp-content\themes\wplms-child\classes\for_you.php:231
Stack trace:
#0 C:\xampp\htdocs\unit_customization_dashboard\wp-content\themes\wplms-child\classes\for_you.php(231): array_push(NULL, Object(stdClass))
#1 C:\xampp\htdocs\unit_customization_dashboard\wp-content\themes\wplms-child\templates\profile\top.php(22): ForYou->userRecommendedCourse(Object(stdClass))
#2 C:\xampp\htdocs\unit_customization_dashboard\wp-content\themes\wplms\includes\init.php(1026): include_once('C:\\xampp\\htdocs...')
#3 C:\xampp\htdocs\unit_customization_dashboard\wp-content\themes\wplms\members\single\home.php(17): vibe_include_template('profile/top.php')
#4 C:\xampp\htdocs\unit_customization_dashboard\wp-includes\template.php(783): require_once('C:\\xampp\\htdocs...')
#5 C:\xampp\htdocs\unit_customization_dashboard\wp-content\plugins\buddypress\bp-core\bp-core-catchuri.php(493): load_template('C:\\xampp\\htdocs...')
#6 C:\xampp\htdocs\unit_customization_dashboard\wp-content\plugins\buddypress\bp-xprofile\screens\public.php(35): bp_core_load_template('members/single/...')
#7 C:\xampp\htdocs\unit_customization_dashboard\wp-includes\class-wp-hook.php(308): xprofile_screen_display_profile('')
#8 C:\xampp\htdocs\unit_customization_dashboard\wp-includes\class-wp-hook.php(332): WP_Hook->apply_filters('', Array)
#9 C:\xampp\htdocs\unit_customization_dashboard\wp-includes\plugin.php(517): WP_Hook->do_action(Array)
#10 C:\xampp\htdocs\unit_customization_dashboard\wp-content\plugins\buddypress\bp-core\bp-core-dependency.php(359): do_action('bp_screens')
#11 C:\xampp\htdocs\unit_customization_dashboard\wp-includes\class-wp-hook.php(308): bp_screens('')
#12 C:\xampp\htdocs\unit_customization_dashboard\wp-includes\class-wp-hook.php(332): WP_Hook->apply_filters(NULL, Array)
#13 C:\xampp\htdocs\unit_customization_dashboard\wp-includes\plugin.php(517): WP_Hook->do_action(Array)
#14 C:\xampp\htdocs\unit_customization_dashboard\wp-content\plugins\buddypress\bp-core\bp-core-dependency.php(416): do_action('bp_template_red...')
#15 C:\xampp\htdocs\unit_customization_dashboard\wp-includes\class-wp-hook.php(308): bp_template_redirect('')
#16 C:\xampp\htdocs\unit_customization_dashboard\wp-includes\class-wp-hook.php(332): WP_Hook->apply_filters(NULL, Array)
#17 C:\xampp\htdocs\unit_customization_dashboard\wp-includes\plugin.php(517): WP_Hook->do_action(Array)
#18 C:\xampp\htdocs\unit_customization_dashboard\wp-includes\template-loader.php(13): do_action('template_redire...')
#19 C:\xampp\htdocs\unit_customization_dashboard\wp-blog-header.php(19): require_once('C:\\xampp\\htdocs...')
#20 C:\xampp\htdocs\unit_customization_dashboard\index.php(17): require('C:\\xampp\\htdocs...')
#21 {main}
  thrown in C:\xampp\htdocs\unit_customization_dashboard\wp-content\themes\wplms-child\classes\for_you.php on line 231

2023-01-16T10:44:13+00:00 CRITICAL Uncaught TypeError: Illegal offset type in isset or empty in C:\xampp\htdocs\unit_customization_dashboard\wp-includes\class-wp-term-query.php:427
Stack trace:
#0 C:\xampp\htdocs\unit_customization_dashboard\wp-includes\class-wp-term-query.php(308): WP_Term_Query->get_terms()
#1 C:\xampp\htdocs\unit_customization_dashboard\wp-includes\taxonomy.php(1308): WP_Term_Query->query(Array)
#2 C:\xampp\htdocs\unit_customization_dashboard\wp-content\themes\wplms-child\classes\for_you.php(211): get_terms(Array)
#3 C:\xampp\htdocs\unit_customization_dashboard\wp-content\themes\wplms-child\templates\profile\top.php(22): ForYou->userRecommendedCourse(Object(stdClass))
#4 C:\xampp\htdocs\unit_customization_dashboard\wp-content\themes\wplms\includes\init.php(1026): include_once('C:\\xampp\\htdocs...')
#5 C:\xampp\htdocs\unit_customization_dashboard\wp-content\themes\wplms\members\single\home.php(17): vibe_include_template('profile/top.php')
#6 C:\xampp\htdocs\unit_customization_dashboard\wp-includes\template.php(783): require_once('C:\\xampp\\htdocs...')
#7 C:\xampp\htdocs\unit_customization_dashboard\wp-content\plugins\buddypress\bp-core\bp-core-catchuri.php(493): load_template('C:\\xampp\\htdocs...')
#8 C:\xampp\htdocs\unit_customization_dashboard\wp-content\plugins\buddypress\bp-xprofile\screens\public.php(35): bp_core_load_template('members/single/...')
#9 C:\xampp\htdocs\unit_customization_dashboard\wp-includes\class-wp-hook.php(308): xprofile_screen_display_profile('')
#10 C:\xampp\htdocs\unit_customization_dashboard\wp-includes\class-wp-hook.php(332): WP_Hook->apply_filters('', Array)
#11 C:\xampp\htdocs\unit_customization_dashboard\wp-includes\plugin.php(517): WP_Hook->do_action(Array)
#12 C:\xampp\htdocs\unit_customization_dashboard\wp-content\plugins\buddypress\bp-core\bp-core-dependency.php(359): do_action('bp_screens')
#13 C:\xampp\htdocs\unit_customization_dashboard\wp-includes\class-wp-hook.php(308): bp_screens('')
#14 C:\xampp\htdocs\unit_customization_dashboard\wp-includes\class-wp-hook.php(332): WP_Hook->apply_filters(NULL, Array)
#15 C:\xampp\htdocs\unit_customization_dashboard\wp-includes\plugin.php(517): WP_Hook->do_action(Array)
#16 C:\xampp\htdocs\unit_customization_dashboard\wp-content\plugins\buddypress\bp-core\bp-core-dependency.php(416): do_action('bp_template_red...')
#17 C:\xampp\htdocs\unit_customization_dashboard\wp-includes\class-wp-hook.php(308): bp_template_redirect('')
#18 C:\xampp\htdocs\unit_customization_dashboard\wp-includes\class-wp-hook.php(332): WP_Hook->apply_filters(NULL, Array)
#19 C:\xampp\htdocs\unit_customization_dashboard\wp-includes\plugin.php(517): WP_Hook->do_action(Array)
#20 C:\xampp\htdocs\unit_customization_dashboard\wp-includes\template-loader.php(13): do_action('template_redire...')
#21 C:\xampp\htdocs\unit_customization_dashboard\wp-blog-header.php(19): require_once('C:\\xampp\\htdocs...')
#22 C:\xampp\htdocs\unit_customization_dashboard\index.php(17): require('C:\\xampp\\htdocs...')
#23 {main}
  thrown in C:\xampp\htdocs\unit_customization_dashboard\wp-includes\class-wp-term-query.php on line 427

2023-01-16T10:46:16+00:00 CRITICAL Uncaught TypeError: Illegal offset type in isset or empty in C:\xampp\htdocs\unit_customization_dashboard\wp-includes\class-wp-term-query.php:427
Stack trace:
#0 C:\xampp\htdocs\unit_customization_dashboard\wp-includes\class-wp-term-query.php(308): WP_Term_Query->get_terms()
#1 C:\xampp\htdocs\unit_customization_dashboard\wp-includes\taxonomy.php(1308): WP_Term_Query->query(Array)
#2 C:\xampp\htdocs\unit_customization_dashboard\wp-content\themes\wplms-child\classes\for_you.php(211): get_terms(Array)
#3 C:\xampp\htdocs\unit_customization_dashboard\wp-content\themes\wplms-child\templates\profile\top.php(22): ForYou->userRecommendedCourse(Object(stdClass))
#4 C:\xampp\htdocs\unit_customization_dashboard\wp-content\themes\wplms\includes\init.php(1026): include_once('C:\\xampp\\htdocs...')
#5 C:\xampp\htdocs\unit_customization_dashboard\wp-content\themes\wplms\members\single\home.php(17): vibe_include_template('profile/top.php')
#6 C:\xampp\htdocs\unit_customization_dashboard\wp-includes\template.php(783): require_once('C:\\xampp\\htdocs...')
#7 C:\xampp\htdocs\unit_customization_dashboard\wp-content\plugins\buddypress\bp-core\bp-core-catchuri.php(493): load_template('C:\\xampp\\htdocs...')
#8 C:\xampp\htdocs\unit_customization_dashboard\wp-content\plugins\buddypress\bp-xprofile\screens\public.php(35): bp_core_load_template('members/single/...')
#9 C:\xampp\htdocs\unit_customization_dashboard\wp-includes\class-wp-hook.php(308): xprofile_screen_display_profile('')
#10 C:\xampp\htdocs\unit_customization_dashboard\wp-includes\class-wp-hook.php(332): WP_Hook->apply_filters('', Array)
#11 C:\xampp\htdocs\unit_customization_dashboard\wp-includes\plugin.php(517): WP_Hook->do_action(Array)
#12 C:\xampp\htdocs\unit_customization_dashboard\wp-content\plugins\buddypress\bp-core\bp-core-dependency.php(359): do_action('bp_screens')
#13 C:\xampp\htdocs\unit_customization_dashboard\wp-includes\class-wp-hook.php(308): bp_screens('')
#14 C:\xampp\htdocs\unit_customization_dashboard\wp-includes\class-wp-hook.php(332): WP_Hook->apply_filters(NULL, Array)
#15 C:\xampp\htdocs\unit_customization_dashboard\wp-includes\plugin.php(517): WP_Hook->do_action(Array)
#16 C:\xampp\htdocs\unit_customization_dashboard\wp-content\plugins\buddypress\bp-core\bp-core-dependency.php(416): do_action('bp_template_red...')
#17 C:\xampp\htdocs\unit_customization_dashboard\wp-includes\class-wp-hook.php(308): bp_template_redirect('')
#18 C:\xampp\htdocs\unit_customization_dashboard\wp-includes\class-wp-hook.php(332): WP_Hook->apply_filters(NULL, Array)
#19 C:\xampp\htdocs\unit_customization_dashboard\wp-includes\plugin.php(517): WP_Hook->do_action(Array)
#20 C:\xampp\htdocs\unit_customization_dashboard\wp-includes\template-loader.php(13): do_action('template_redire...')
#21 C:\xampp\htdocs\unit_customization_dashboard\wp-blog-header.php(19): require_once('C:\\xampp\\htdocs...')
#22 C:\xampp\htdocs\unit_customization_dashboard\index.php(17): require('C:\\xampp\\htdocs...')
#23 {main}
  thrown in C:\xampp\htdocs\unit_customization_dashboard\wp-includes\class-wp-term-query.php on line 427

2023-01-16T10:48:37+00:00 CRITICAL Uncaught TypeError: array_push(): Argument #1 ($array) must be of type array, null given in C:\xampp\htdocs\unit_customization_dashboard\wp-content\themes\wplms-child\classes\for_you.php:129
Stack trace:
#0 C:\xampp\htdocs\unit_customization_dashboard\wp-content\themes\wplms-child\classes\for_you.php(129): array_push(NULL, Object(WP_Post))
#1 C:\xampp\htdocs\unit_customization_dashboard\wp-content\themes\wplms-child\templates\profile\top.php(22): ForYou->userRecommendedCourse(Object(stdClass))
#2 C:\xampp\htdocs\unit_customization_dashboard\wp-content\themes\wplms\includes\init.php(1026): include_once('C:\\xampp\\htdocs...')
#3 C:\xampp\htdocs\unit_customization_dashboard\wp-content\themes\wplms\members\single\home.php(17): vibe_include_template('profile/top.php')
#4 C:\xampp\htdocs\unit_customization_dashboard\wp-includes\template.php(783): require_once('C:\\xampp\\htdocs...')
#5 C:\xampp\htdocs\unit_customization_dashboard\wp-content\plugins\buddypress\bp-core\bp-core-catchuri.php(493): load_template('C:\\xampp\\htdocs...')
#6 C:\xampp\htdocs\unit_customization_dashboard\wp-content\plugins\buddypress\bp-xprofile\screens\public.php(35): bp_core_load_template('members/single/...')
#7 C:\xampp\htdocs\unit_customization_dashboard\wp-includes\class-wp-hook.php(308): xprofile_screen_display_profile('')
#8 C:\xampp\htdocs\unit_customization_dashboard\wp-includes\class-wp-hook.php(332): WP_Hook->apply_filters('', Array)
#9 C:\xampp\htdocs\unit_customization_dashboard\wp-includes\plugin.php(517): WP_Hook->do_action(Array)
#10 C:\xampp\htdocs\unit_customization_dashboard\wp-content\plugins\buddypress\bp-core\bp-core-dependency.php(359): do_action('bp_screens')
#11 C:\xampp\htdocs\unit_customization_dashboard\wp-includes\class-wp-hook.php(308): bp_screens('')
#12 C:\xampp\htdocs\unit_customization_dashboard\wp-includes\class-wp-hook.php(332): WP_Hook->apply_filters(NULL, Array)
#13 C:\xampp\htdocs\unit_customization_dashboard\wp-includes\plugin.php(517): WP_Hook->do_action(Array)
#14 C:\xampp\htdocs\unit_customization_dashboard\wp-content\plugins\buddypress\bp-core\bp-core-dependency.php(416): do_action('bp_template_red...')
#15 C:\xampp\htdocs\unit_customization_dashboard\wp-includes\class-wp-hook.php(308): bp_template_redirect('')
#16 C:\xampp\htdocs\unit_customization_dashboard\wp-includes\class-wp-hook.php(332): WP_Hook->apply_filters(NULL, Array)
#17 C:\xampp\htdocs\unit_customization_dashboard\wp-includes\plugin.php(517): WP_Hook->do_action(Array)
#18 C:\xampp\htdocs\unit_customization_dashboard\wp-includes\template-loader.php(13): do_action('template_redire...')
#19 C:\xampp\htdocs\unit_customization_dashboard\wp-blog-header.php(19): require_once('C:\\xampp\\htdocs...')
#20 C:\xampp\htdocs\unit_customization_dashboard\index.php(17): require('C:\\xampp\\htdocs...')
#21 {main}
  thrown in C:\xampp\htdocs\unit_customization_dashboard\wp-content\themes\wplms-child\classes\for_you.php on line 129

2023-01-16T10:49:14+00:00 CRITICAL Uncaught TypeError: array_push(): Argument #1 ($array) must be of type array, null given in C:\xampp\htdocs\unit_customization_dashboard\wp-content\themes\wplms-child\classes\for_you.php:130
Stack trace:
#0 C:\xampp\htdocs\unit_customization_dashboard\wp-content\themes\wplms-child\classes\for_you.php(130): array_push(NULL, Object(WP_Post))
#1 C:\xampp\htdocs\unit_customization_dashboard\wp-content\themes\wplms-child\templates\profile\top.php(22): ForYou->userRecommendedCourse(Object(stdClass))
#2 C:\xampp\htdocs\unit_customization_dashboard\wp-content\themes\wplms\includes\init.php(1026): include_once('C:\\xampp\\htdocs...')
#3 C:\xampp\htdocs\unit_customization_dashboard\wp-content\themes\wplms\members\single\home.php(17): vibe_include_template('profile/top.php')
#4 C:\xampp\htdocs\unit_customization_dashboard\wp-includes\template.php(783): require_once('C:\\xampp\\htdocs...')
#5 C:\xampp\htdocs\unit_customization_dashboard\wp-content\plugins\buddypress\bp-core\bp-core-catchuri.php(493): load_template('C:\\xampp\\htdocs...')
#6 C:\xampp\htdocs\unit_customization_dashboard\wp-content\plugins\buddypress\bp-xprofile\screens\public.php(35): bp_core_load_template('members/single/...')
#7 C:\xampp\htdocs\unit_customization_dashboard\wp-includes\class-wp-hook.php(308): xprofile_screen_display_profile('')
#8 C:\xampp\htdocs\unit_customization_dashboard\wp-includes\class-wp-hook.php(332): WP_Hook->apply_filters('', Array)
#9 C:\xampp\htdocs\unit_customization_dashboard\wp-includes\plugin.php(517): WP_Hook->do_action(Array)
#10 C:\xampp\htdocs\unit_customization_dashboard\wp-content\plugins\buddypress\bp-core\bp-core-dependency.php(359): do_action('bp_screens')
#11 C:\xampp\htdocs\unit_customization_dashboard\wp-includes\class-wp-hook.php(308): bp_screens('')
#12 C:\xampp\htdocs\unit_customization_dashboard\wp-includes\class-wp-hook.php(332): WP_Hook->apply_filters(NULL, Array)
#13 C:\xampp\htdocs\unit_customization_dashboard\wp-includes\plugin.php(517): WP_Hook->do_action(Array)
#14 C:\xampp\htdocs\unit_customization_dashboard\wp-content\plugins\buddypress\bp-core\bp-core-dependency.php(416): do_action('bp_template_red...')
#15 C:\xampp\htdocs\unit_customization_dashboard\wp-includes\class-wp-hook.php(308): bp_template_redirect('')
#16 C:\xampp\htdocs\unit_customization_dashboard\wp-includes\class-wp-hook.php(332): WP_Hook->apply_filters(NULL, Array)
#17 C:\xampp\htdocs\unit_customization_dashboard\wp-includes\plugin.php(517): WP_Hook->do_action(Array)
#18 C:\xampp\htdocs\unit_customization_dashboard\wp-includes\template-loader.php(13): do_action('template_redire...')
#19 C:\xampp\htdocs\unit_customization_dashboard\wp-blog-header.php(19): require_once('C:\\xampp\\htdocs...')
#20 C:\xampp\htdocs\unit_customization_dashboard\index.php(17): require('C:\\xampp\\htdocs...')
#21 {main}
  thrown in C:\xampp\htdocs\unit_customization_dashboard\wp-content\themes\wplms-child\classes\for_you.php on line 130

2023-01-16T10:49:30+00:00 CRITICAL Uncaught TypeError: array_push(): Argument #1 ($array) must be of type array, null given in C:\xampp\htdocs\unit_customization_dashboard\wp-content\themes\wplms-child\classes\for_you.php:130
Stack trace:
#0 C:\xampp\htdocs\unit_customization_dashboard\wp-content\themes\wplms-child\classes\for_you.php(130): array_push(NULL, Object(WP_Post))
#1 C:\xampp\htdocs\unit_customization_dashboard\wp-content\themes\wplms-child\templates\profile\top.php(22): ForYou->userRecommendedCourse(Object(stdClass))
#2 C:\xampp\htdocs\unit_customization_dashboard\wp-content\themes\wplms\includes\init.php(1026): include_once('C:\\xampp\\htdocs...')
#3 C:\xampp\htdocs\unit_customization_dashboard\wp-content\themes\wplms\members\single\home.php(17): vibe_include_template('profile/top.php')
#4 C:\xampp\htdocs\unit_customization_dashboard\wp-includes\template.php(783): require_once('C:\\xampp\\htdocs...')
#5 C:\xampp\htdocs\unit_customization_dashboard\wp-content\plugins\buddypress\bp-core\bp-core-catchuri.php(493): load_template('C:\\xampp\\htdocs...')
#6 C:\xampp\htdocs\unit_customization_dashboard\wp-content\plugins\buddypress\bp-xprofile\screens\public.php(35): bp_core_load_template('members/single/...')
#7 C:\xampp\htdocs\unit_customization_dashboard\wp-includes\class-wp-hook.php(308): xprofile_screen_display_profile('')
#8 C:\xampp\htdocs\unit_customization_dashboard\wp-includes\class-wp-hook.php(332): WP_Hook->apply_filters('', Array)
#9 C:\xampp\htdocs\unit_customization_dashboard\wp-includes\plugin.php(517): WP_Hook->do_action(Array)
#10 C:\xampp\htdocs\unit_customization_dashboard\wp-content\plugins\buddypress\bp-core\bp-core-dependency.php(359): do_action('bp_screens')
#11 C:\xampp\htdocs\unit_customization_dashboard\wp-includes\class-wp-hook.php(308): bp_screens('')
#12 C:\xampp\htdocs\unit_customization_dashboard\wp-includes\class-wp-hook.php(332): WP_Hook->apply_filters(NULL, Array)
#13 C:\xampp\htdocs\unit_customization_dashboard\wp-includes\plugin.php(517): WP_Hook->do_action(Array)
#14 C:\xampp\htdocs\unit_customization_dashboard\wp-content\plugins\buddypress\bp-core\bp-core-dependency.php(416): do_action('bp_template_red...')
#15 C:\xampp\htdocs\unit_customization_dashboard\wp-includes\class-wp-hook.php(308): bp_template_redirect('')
#16 C:\xampp\htdocs\unit_customization_dashboard\wp-includes\class-wp-hook.php(332): WP_Hook->apply_filters(NULL, Array)
#17 C:\xampp\htdocs\unit_customization_dashboard\wp-includes\plugin.php(517): WP_Hook->do_action(Array)
#18 C:\xampp\htdocs\unit_customization_dashboard\wp-includes\template-loader.php(13): do_action('template_redire...')
#19 C:\xampp\htdocs\unit_customization_dashboard\wp-blog-header.php(19): require_once('C:\\xampp\\htdocs...')
#20 C:\xampp\htdocs\unit_customization_dashboard\index.php(17): require('C:\\xampp\\htdocs...')
#21 {main}
  thrown in C:\xampp\htdocs\unit_customization_dashboard\wp-content\themes\wplms-child\classes\for_you.php on line 130

2023-01-16T10:49:36+00:00 CRITICAL Uncaught TypeError: array_push(): Argument #1 ($array) must be of type array, null given in C:\xampp\htdocs\unit_customization_dashboard\wp-content\themes\wplms-child\classes\for_you.php:130
Stack trace:
#0 C:\xampp\htdocs\unit_customization_dashboard\wp-content\themes\wplms-child\classes\for_you.php(130): array_push(NULL, Object(WP_Post))
#1 C:\xampp\htdocs\unit_customization_dashboard\wp-content\themes\wplms-child\templates\profile\top.php(22): ForYou->userRecommendedCourse(Object(stdClass))
#2 C:\xampp\htdocs\unit_customization_dashboard\wp-content\themes\wplms\includes\init.php(1026): include_once('C:\\xampp\\htdocs...')
#3 C:\xampp\htdocs\unit_customization_dashboard\wp-content\themes\wplms\members\single\home.php(17): vibe_include_template('profile/top.php')
#4 C:\xampp\htdocs\unit_customization_dashboard\wp-includes\template.php(783): require_once('C:\\xampp\\htdocs...')
#5 C:\xampp\htdocs\unit_customization_dashboard\wp-content\plugins\buddypress\bp-core\bp-core-catchuri.php(493): load_template('C:\\xampp\\htdocs...')
#6 C:\xampp\htdocs\unit_customization_dashboard\wp-content\plugins\buddypress\bp-xprofile\screens\public.php(35): bp_core_load_template('members/single/...')
#7 C:\xampp\htdocs\unit_customization_dashboard\wp-includes\class-wp-hook.php(308): xprofile_screen_display_profile('')
#8 C:\xampp\htdocs\unit_customization_dashboard\wp-includes\class-wp-hook.php(332): WP_Hook->apply_filters('', Array)
#9 C:\xampp\htdocs\unit_customization_dashboard\wp-includes\plugin.php(517): WP_Hook->do_action(Array)
#10 C:\xampp\htdocs\unit_customization_dashboard\wp-content\plugins\buddypress\bp-core\bp-core-dependency.php(359): do_action('bp_screens')
#11 C:\xampp\htdocs\unit_customization_dashboard\wp-includes\class-wp-hook.php(308): bp_screens('')
#12 C:\xampp\htdocs\unit_customization_dashboard\wp-includes\class-wp-hook.php(332): WP_Hook->apply_filters(NULL, Array)
#13 C:\xampp\htdocs\unit_customization_dashboard\wp-includes\plugin.php(517): WP_Hook->do_action(Array)
#14 C:\xampp\htdocs\unit_customization_dashboard\wp-content\plugins\buddypress\bp-core\bp-core-dependency.php(416): do_action('bp_template_red...')
#15 C:\xampp\htdocs\unit_customization_dashboard\wp-includes\class-wp-hook.php(308): bp_template_redirect('')
#16 C:\xampp\htdocs\unit_customization_dashboard\wp-includes\class-wp-hook.php(332): WP_Hook->apply_filters(NULL, Array)
#17 C:\xampp\htdocs\unit_customization_dashboard\wp-includes\plugin.php(517): WP_Hook->do_action(Array)
#18 C:\xampp\htdocs\unit_customization_dashboard\wp-includes\template-loader.php(13): do_action('template_redire...')
#19 C:\xampp\htdocs\unit_customization_dashboard\wp-blog-header.php(19): require_once('C:\\xampp\\htdocs...')
#20 C:\xampp\htdocs\unit_customization_dashboard\index.php(17): require('C:\\xampp\\htdocs...')
#21 {main}
  thrown in C:\xampp\htdocs\unit_customization_dashboard\wp-content\themes\wplms-child\classes\for_you.php on line 130

2023-01-16T10:49:42+00:00 CRITICAL Uncaught TypeError: array_push(): Argument #1 ($array) must be of type array, null given in C:\xampp\htdocs\unit_customization_dashboard\wp-content\themes\wplms-child\classes\for_you.php:130
Stack trace:
#0 C:\xampp\htdocs\unit_customization_dashboard\wp-content\themes\wplms-child\classes\for_you.php(130): array_push(NULL, Object(WP_Post))
#1 C:\xampp\htdocs\unit_customization_dashboard\wp-content\themes\wplms-child\templates\profile\top.php(22): ForYou->userRecommendedCourse(Object(stdClass))
#2 C:\xampp\htdocs\unit_customization_dashboard\wp-content\themes\wplms\includes\init.php(1026): include_once('C:\\xampp\\htdocs...')
#3 C:\xampp\htdocs\unit_customization_dashboard\wp-content\themes\wplms\members\single\home.php(17): vibe_include_template('profile/top.php')
#4 C:\xampp\htdocs\unit_customization_dashboard\wp-includes\template.php(783): require_once('C:\\xampp\\htdocs...')
#5 C:\xampp\htdocs\unit_customization_dashboard\wp-content\plugins\buddypress\bp-core\bp-core-catchuri.php(493): load_template('C:\\xampp\\htdocs...')
#6 C:\xampp\htdocs\unit_customization_dashboard\wp-content\plugins\buddypress\bp-xprofile\screens\public.php(35): bp_core_load_template('members/single/...')
#7 C:\xampp\htdocs\unit_customization_dashboard\wp-includes\class-wp-hook.php(308): xprofile_screen_display_profile('')
#8 C:\xampp\htdocs\unit_customization_dashboard\wp-includes\class-wp-hook.php(332): WP_Hook->apply_filters('', Array)
#9 C:\xampp\htdocs\unit_customization_dashboard\wp-includes\plugin.php(517): WP_Hook->do_action(Array)
#10 C:\xampp\htdocs\unit_customization_dashboard\wp-content\plugins\buddypress\bp-core\bp-core-dependency.php(359): do_action('bp_screens')
#11 C:\xampp\htdocs\unit_customization_dashboard\wp-includes\class-wp-hook.php(308): bp_screens('')
#12 C:\xampp\htdocs\unit_customization_dashboard\wp-includes\class-wp-hook.php(332): WP_Hook->apply_filters(NULL, Array)
#13 C:\xampp\htdocs\unit_customization_dashboard\wp-includes\plugin.php(517): WP_Hook->do_action(Array)
#14 C:\xampp\htdocs\unit_customization_dashboard\wp-content\plugins\buddypress\bp-core\bp-core-dependency.php(416): do_action('bp_template_red...')
#15 C:\xampp\htdocs\unit_customization_dashboard\wp-includes\class-wp-hook.php(308): bp_template_redirect('')
#16 C:\xampp\htdocs\unit_customization_dashboard\wp-includes\class-wp-hook.php(332): WP_Hook->apply_filters(NULL, Array)
#17 C:\xampp\htdocs\unit_customization_dashboard\wp-includes\plugin.php(517): WP_Hook->do_action(Array)
#18 C:\xampp\htdocs\unit_customization_dashboard\wp-includes\template-loader.php(13): do_action('template_redire...')
#19 C:\xampp\htdocs\unit_customization_dashboard\wp-blog-header.php(19): require_once('C:\\xampp\\htdocs...')
#20 C:\xampp\htdocs\unit_customization_dashboard\index.php(17): require('C:\\xampp\\htdocs...')
#21 {main}
  thrown in C:\xampp\htdocs\unit_customization_dashboard\wp-content\themes\wplms-child\classes\for_you.php on line 130

2023-01-16T11:25:35+00:00 CRITICAL Uncaught Error: Object of class WP_Error could not be converted to string in C:\xampp\htdocs\unit_customization_dashboard\wp-content\themes\wplms-child\classes\for_you.php:225
Stack trace:
#0 C:\xampp\htdocs\unit_customization_dashboard\wp-content\themes\wplms-child\templates\profile\top.php(22): ForYou->userRecommendedCourse(Object(stdClass))
#1 C:\xampp\htdocs\unit_customization_dashboard\wp-content\themes\wplms\includes\init.php(1026): include_once('C:\\xampp\\htdocs...')
#2 C:\xampp\htdocs\unit_customization_dashboard\wp-content\themes\wplms\members\single\home.php(17): vibe_include_template('profile/top.php')
#3 C:\xampp\htdocs\unit_customization_dashboard\wp-includes\template.php(783): require_once('C:\\xampp\\htdocs...')
#4 C:\xampp\htdocs\unit_customization_dashboard\wp-content\plugins\buddypress\bp-core\bp-core-catchuri.php(493): load_template('C:\\xampp\\htdocs...')
#5 C:\xampp\htdocs\unit_customization_dashboard\wp-content\plugins\buddypress\bp-xprofile\screens\public.php(35): bp_core_load_template('members/single/...')
#6 C:\xampp\htdocs\unit_customization_dashboard\wp-includes\class-wp-hook.php(308): xprofile_screen_display_profile('')
#7 C:\xampp\htdocs\unit_customization_dashboard\wp-includes\class-wp-hook.php(332): WP_Hook->apply_filters('', Array)
#8 C:\xampp\htdocs\unit_customization_dashboard\wp-includes\plugin.php(517): WP_Hook->do_action(Array)
#9 C:\xampp\htdocs\unit_customization_dashboard\wp-content\plugins\buddypress\bp-core\bp-core-dependency.php(359): do_action('bp_screens')
#10 C:\xampp\htdocs\unit_customization_dashboard\wp-includes\class-wp-hook.php(308): bp_screens('')
#11 C:\xampp\htdocs\unit_customization_dashboard\wp-includes\class-wp-hook.php(332): WP_Hook->apply_filters(NULL, Array)
#12 C:\xampp\htdocs\unit_customization_dashboard\wp-includes\plugin.php(517): WP_Hook->do_action(Array)
#13 C:\xampp\htdocs\unit_customization_dashboard\wp-content\plugins\buddypress\bp-core\bp-core-dependency.php(416): do_action('bp_template_red...')
#14 C:\xampp\htdocs\unit_customization_dashboard\wp-includes\class-wp-hook.php(308): bp_template_redirect('')
#15 C:\xampp\htdocs\unit_customization_dashboard\wp-includes\class-wp-hook.php(332): WP_Hook->apply_filters(NULL, Array)
#16 C:\xampp\htdocs\unit_customization_dashboard\wp-includes\plugin.php(517): WP_Hook->do_action(Array)
#17 C:\xampp\htdocs\unit_customization_dashboard\wp-includes\template-loader.php(13): do_action('template_redire...')
#18 C:\xampp\htdocs\unit_customization_dashboard\wp-blog-header.php(19): require_once('C:\\xampp\\htdocs...')
#19 C:\xampp\htdocs\unit_customization_dashboard\index.php(17): require('C:\\xampp\\htdocs...')
#20 {main}
  thrown in C:\xampp\htdocs\unit_customization_dashboard\wp-content\themes\wplms-child\classes\for_you.php on line 225

2023-01-16T11:25:40+00:00 CRITICAL Uncaught Error: Object of class WP_Term could not be converted to string in C:\xampp\htdocs\unit_customization_dashboard\wp-content\themes\wplms-child\classes\for_you.php:225
Stack trace:
#0 C:\xampp\htdocs\unit_customization_dashboard\wp-content\themes\wplms-child\templates\profile\top.php(22): ForYou->userRecommendedCourse(Object(stdClass))
#1 C:\xampp\htdocs\unit_customization_dashboard\wp-content\themes\wplms\includes\init.php(1026): include_once('C:\\xampp\\htdocs...')
#2 C:\xampp\htdocs\unit_customization_dashboard\wp-content\themes\wplms\members\single\home.php(17): vibe_include_template('profile/top.php')
#3 C:\xampp\htdocs\unit_customization_dashboard\wp-includes\template.php(783): require_once('C:\\xampp\\htdocs...')
#4 C:\xampp\htdocs\unit_customization_dashboard\wp-content\plugins\buddypress\bp-core\bp-core-catchuri.php(493): load_template('C:\\xampp\\htdocs...')
#5 C:\xampp\htdocs\unit_customization_dashboard\wp-content\plugins\buddypress\bp-xprofile\screens\public.php(35): bp_core_load_template('members/single/...')
#6 C:\xampp\htdocs\unit_customization_dashboard\wp-includes\class-wp-hook.php(308): xprofile_screen_display_profile('')
#7 C:\xampp\htdocs\unit_customization_dashboard\wp-includes\class-wp-hook.php(332): WP_Hook->apply_filters('', Array)
#8 C:\xampp\htdocs\unit_customization_dashboard\wp-includes\plugin.php(517): WP_Hook->do_action(Array)
#9 C:\xampp\htdocs\unit_customization_dashboard\wp-content\plugins\buddypress\bp-core\bp-core-dependency.php(359): do_action('bp_screens')
#10 C:\xampp\htdocs\unit_customization_dashboard\wp-includes\class-wp-hook.php(308): bp_screens('')
#11 C:\xampp\htdocs\unit_customization_dashboard\wp-includes\class-wp-hook.php(332): WP_Hook->apply_filters(NULL, Array)
#12 C:\xampp\htdocs\unit_customization_dashboard\wp-includes\plugin.php(517): WP_Hook->do_action(Array)
#13 C:\xampp\htdocs\unit_customization_dashboard\wp-content\plugins\buddypress\bp-core\bp-core-dependency.php(416): do_action('bp_template_red...')
#14 C:\xampp\htdocs\unit_customization_dashboard\wp-includes\class-wp-hook.php(308): bp_template_redirect('')
#15 C:\xampp\htdocs\unit_customization_dashboard\wp-includes\class-wp-hook.php(332): WP_Hook->apply_filters(NULL, Array)
#16 C:\xampp\htdocs\unit_customization_dashboard\wp-includes\plugin.php(517): WP_Hook->do_action(Array)
#17 C:\xampp\htdocs\unit_customization_dashboard\wp-includes\template-loader.php(13): do_action('template_redire...')
#18 C:\xampp\htdocs\unit_customization_dashboard\wp-blog-header.php(19): require_once('C:\\xampp\\htdocs...')
#19 C:\xampp\htdocs\unit_customization_dashboard\index.php(17): require('C:\\xampp\\htdocs...')
#20 {main}
  thrown in C:\xampp\htdocs\unit_customization_dashboard\wp-content\themes\wplms-child\classes\for_you.php on line 225

2023-01-16T11:31:25+00:00 CRITICAL Uncaught TypeError: array_push(): Argument #1 ($array) must be of type array, null given in C:\xampp\htdocs\unit_customization_dashboard\wp-content\themes\wplms-child\classes\for_you.php:233
Stack trace:
#0 C:\xampp\htdocs\unit_customization_dashboard\wp-content\themes\wplms-child\classes\for_you.php(233): array_push(NULL, Object(stdClass))
#1 C:\xampp\htdocs\unit_customization_dashboard\wp-content\themes\wplms-child\templates\profile\top.php(22): ForYou->userRecommendedCourse(Object(stdClass))
#2 C:\xampp\htdocs\unit_customization_dashboard\wp-content\themes\wplms\includes\init.php(1026): include_once('C:\\xampp\\htdocs...')
#3 C:\xampp\htdocs\unit_customization_dashboard\wp-content\themes\wplms\members\single\home.php(17): vibe_include_template('profile/top.php')
#4 C:\xampp\htdocs\unit_customization_dashboard\wp-includes\template.php(783): require_once('C:\\xampp\\htdocs...')
#5 C:\xampp\htdocs\unit_customization_dashboard\wp-content\plugins\buddypress\bp-core\bp-core-catchuri.php(493): load_template('C:\\xampp\\htdocs...')
#6 C:\xampp\htdocs\unit_customization_dashboard\wp-content\plugins\buddypress\bp-xprofile\screens\public.php(35): bp_core_load_template('members/single/...')
#7 C:\xampp\htdocs\unit_customization_dashboard\wp-includes\class-wp-hook.php(308): xprofile_screen_display_profile('')
#8 C:\xampp\htdocs\unit_customization_dashboard\wp-includes\class-wp-hook.php(332): WP_Hook->apply_filters('', Array)
#9 C:\xampp\htdocs\unit_customization_dashboard\wp-includes\plugin.php(517): WP_Hook->do_action(Array)
#10 C:\xampp\htdocs\unit_customization_dashboard\wp-content\plugins\buddypress\bp-core\bp-core-dependency.php(359): do_action('bp_screens')
#11 C:\xampp\htdocs\unit_customization_dashboard\wp-includes\class-wp-hook.php(308): bp_screens('')
#12 C:\xampp\htdocs\unit_customization_dashboard\wp-includes\class-wp-hook.php(332): WP_Hook->apply_filters(NULL, Array)
#13 C:\xampp\htdocs\unit_customization_dashboard\wp-includes\plugin.php(517): WP_Hook->do_action(Array)
#14 C:\xampp\htdocs\unit_customization_dashboard\wp-content\plugins\buddypress\bp-core\bp-core-dependency.php(416): do_action('bp_template_red...')
#15 C:\xampp\htdocs\unit_customization_dashboard\wp-includes\class-wp-hook.php(308): bp_template_redirect('')
#16 C:\xampp\htdocs\unit_customization_dashboard\wp-includes\class-wp-hook.php(332): WP_Hook->apply_filters(NULL, Array)
#17 C:\xampp\htdocs\unit_customization_dashboard\wp-includes\plugin.php(517): WP_Hook->do_action(Array)
#18 C:\xampp\htdocs\unit_customization_dashboard\wp-includes\template-loader.php(13): do_action('template_redire...')
#19 C:\xampp\htdocs\unit_customization_dashboard\wp-blog-header.php(19): require_once('C:\\xampp\\htdocs...')
#20 C:\xampp\htdocs\unit_customization_dashboard\index.php(17): require('C:\\xampp\\htdocs...')
#21 {main}
  thrown in C:\xampp\htdocs\unit_customization_dashboard\wp-content\themes\wplms-child\classes\for_you.php on line 233

