2023-01-18T06:19:51+00:00 CRITICAL syntax error, unexpected token "}" in C:\xampp\htdocs\unit_customization_dashboard\wp-content\themes\wplms-child\classes\for_you.php on line 128

2023-01-18T08:15:30+00:00 CRITICAL Uncaught Error: Value of type bool is not callable in C:\xampp\htdocs\unit_customization_dashboard\wp-content\themes\wplms-child\classes\for_you.php:128
Stack trace:
#0 C:\xampp\htdocs\unit_customization_dashboard\wp-content\themes\wplms-child\templates\profile\top.php(23): ForYou->userRecommendedCourses(Object(stdClass))
#1 C:\xampp\htdocs\unit_customization_dashboard\wp-content\themes\wplms\includes\init.php(1026): include_once('C:\\xampp\\htdocs...')
#2 C:\xampp\htdocs\unit_customization_dashboard\wp-content\themes\wplms\members\single\home.php(17): vibe_include_template('profile/top.php')
#3 C:\xampp\htdocs\unit_customization_dashboard\wp-includes\template.php(783): require_once('C:\\xampp\\htdocs...')
#4 C:\xampp\htdocs\unit_customization_dashboard\wp-content\plugins\buddypress\bp-core\bp-core-catchuri.php(493): load_template('C:\\xampp\\htdocs...')
#5 C:\xampp\htdocs\unit_customization_dashboard\wp-content\plugins\buddypress\bp-xprofile\screens\public.php(35): bp_core_load_template('members/single/...')
#6 C:\xampp\htdocs\unit_customization_dashboard\wp-includes\class-wp-hook.php(308): xprofile_screen_display_profile('')
#7 C:\xampp\htdocs\unit_customization_dashboard\wp-includes\class-wp-hook.php(332): WP_Hook->apply_filters('', Array)
#8 C:\xampp\htdocs\unit_customization_dashboard\wp-includes\plugin.php(517): WP_Hook->do_action(Array)
#9 C:\xampp\htdocs\unit_customization_dashboard\wp-content\plugins\buddypress\bp-core\bp-core-dependency.php(359): do_action('bp_screens')
#10 C:\xampp\htdocs\unit_customization_dashboard\wp-includes\class-wp-hook.php(308): bp_screens('')
#11 C:\xampp\htdocs\unit_customization_dashboard\wp-includes\class-wp-hook.php(332): WP_Hook->apply_filters(NULL, Array)
#12 C:\xampp\htdocs\unit_customization_dashboard\wp-includes\plugin.php(517): WP_Hook->do_action(Array)
#13 C:\xampp\htdocs\unit_customization_dashboard\wp-content\plugins\buddypress\bp-core\bp-core-dependency.php(416): do_action('bp_template_red...')
#14 C:\xampp\htdocs\unit_customization_dashboard\wp-includes\class-wp-hook.php(308): bp_template_redirect('')
#15 C:\xampp\htdocs\unit_customization_dashboard\wp-includes\class-wp-hook.php(332): WP_Hook->apply_filters(NULL, Array)
#16 C:\xampp\htdocs\unit_customization_dashboard\wp-includes\plugin.php(517): WP_Hook->do_action(Array)
#17 C:\xampp\htdocs\unit_customization_dashboard\wp-includes\template-loader.php(13): do_action('template_redire...')
#18 C:\xampp\htdocs\unit_customization_dashboard\wp-blog-header.php(19): require_once('C:\\xampp\\htdocs...')
#19 C:\xampp\htdocs\unit_customization_dashboard\index.php(17): require('C:\\xampp\\htdocs...')
#20 {main}
  thrown in C:\xampp\htdocs\unit_customization_dashboard\wp-content\themes\wplms-child\classes\for_you.php on line 128

