2023-02-08T06:21:20+00:00 CRITICAL syntax error, unexpected token ";" in C:\xampp\htdocs\unit_customization_dashboard\wp-content\themes\wplms-child\functions.php on line 352

2023-02-08T06:35:03+00:00 CRITICAL Uncaught TypeError: Cannot access offset of type string on string in C:\xampp\htdocs\unit_customization_dashboard\wp-content\themes\wplms-child\functions.php:354
Stack trace:
#0 C:\xampp\htdocs\unit_customization_dashboard\wp-includes\class-wp-hook.php(310): foy_save_custom_fields_data(Array, 648)
#1 C:\xampp\htdocs\unit_customization_dashboard\wp-includes\plugin.php(205): WP_Hook->apply_filters(Array, Array)
#2 C:\xampp\htdocs\unit_customization_dashboard\wp-content\plugins\woocommerce\includes\class-wc-cart.php(1138): apply_filters('woocommerce_add...', Array, 648, 0, 1)
#3 C:\xampp\htdocs\unit_customization_dashboard\wp-content\plugins\woocommerce\includes\class-wc-form-handler.php(824): WC_Cart->add_to_cart(648, 1)
#4 C:\xampp\htdocs\unit_customization_dashboard\wp-content\plugins\woocommerce\includes\class-wc-form-handler.php(796): WC_Form_Handler::add_to_cart_handler_simple(648)
#5 C:\xampp\htdocs\unit_customization_dashboard\wp-includes\class-wp-hook.php(308): WC_Form_Handler::add_to_cart_action('')
#6 C:\xampp\htdocs\unit_customization_dashboard\wp-includes\class-wp-hook.php(332): WP_Hook->apply_filters(NULL, Array)
#7 C:\xampp\htdocs\unit_customization_dashboard\wp-includes\plugin.php(517): WP_Hook->do_action(Array)
#8 C:\xampp\htdocs\unit_customization_dashboard\wp-settings.php(639): do_action('wp_loaded')
#9 C:\xampp\htdocs\unit_customization_dashboard\wp-config.php(100): require_once('C:\\xampp\\htdocs...')
#10 C:\xampp\htdocs\unit_customization_dashboard\wp-load.php(50): require_once('C:\\xampp\\htdocs...')
#11 C:\xampp\htdocs\unit_customization_dashboard\wp-blog-header.php(13): require_once('C:\\xampp\\htdocs...')
#12 C:\xampp\htdocs\unit_customization_dashboard\index.php(17): require('C:\\xampp\\htdocs...')
#13 {main}
  thrown in C:\xampp\htdocs\unit_customization_dashboard\wp-content\themes\wplms-child\functions.php on line 354

2023-02-08T06:35:40+00:00 CRITICAL Uncaught TypeError: Cannot access offset of type string on string in C:\xampp\htdocs\unit_customization_dashboard\wp-content\themes\wplms-child\functions.php:354
Stack trace:
#0 C:\xampp\htdocs\unit_customization_dashboard\wp-includes\class-wp-hook.php(310): foy_save_custom_fields_data(Array, 648)
#1 C:\xampp\htdocs\unit_customization_dashboard\wp-includes\plugin.php(205): WP_Hook->apply_filters(Array, Array)
#2 C:\xampp\htdocs\unit_customization_dashboard\wp-content\plugins\woocommerce\includes\class-wc-cart.php(1138): apply_filters('woocommerce_add...', Array, 648, 0, 1)
#3 C:\xampp\htdocs\unit_customization_dashboard\wp-content\plugins\woocommerce\includes\class-wc-form-handler.php(824): WC_Cart->add_to_cart(648, 1)
#4 C:\xampp\htdocs\unit_customization_dashboard\wp-content\plugins\woocommerce\includes\class-wc-form-handler.php(796): WC_Form_Handler::add_to_cart_handler_simple(648)
#5 C:\xampp\htdocs\unit_customization_dashboard\wp-includes\class-wp-hook.php(308): WC_Form_Handler::add_to_cart_action('')
#6 C:\xampp\htdocs\unit_customization_dashboard\wp-includes\class-wp-hook.php(332): WP_Hook->apply_filters(NULL, Array)
#7 C:\xampp\htdocs\unit_customization_dashboard\wp-includes\plugin.php(517): WP_Hook->do_action(Array)
#8 C:\xampp\htdocs\unit_customization_dashboard\wp-settings.php(639): do_action('wp_loaded')
#9 C:\xampp\htdocs\unit_customization_dashboard\wp-config.php(100): require_once('C:\\xampp\\htdocs...')
#10 C:\xampp\htdocs\unit_customization_dashboard\wp-load.php(50): require_once('C:\\xampp\\htdocs...')
#11 C:\xampp\htdocs\unit_customization_dashboard\wp-blog-header.php(13): require_once('C:\\xampp\\htdocs...')
#12 C:\xampp\htdocs\unit_customization_dashboard\index.php(17): require('C:\\xampp\\htdocs...')
#13 {main}
  thrown in C:\xampp\htdocs\unit_customization_dashboard\wp-content\themes\wplms-child\functions.php on line 354

2023-02-08T06:36:26+00:00 CRITICAL Uncaught TypeError: Cannot access offset of type string on string in C:\xampp\htdocs\unit_customization_dashboard\wp-content\themes\wplms-child\functions.php:355
Stack trace:
#0 C:\xampp\htdocs\unit_customization_dashboard\wp-includes\class-wp-hook.php(310): foy_save_custom_fields_data(Array, 648)
#1 C:\xampp\htdocs\unit_customization_dashboard\wp-includes\plugin.php(205): WP_Hook->apply_filters(Array, Array)
#2 C:\xampp\htdocs\unit_customization_dashboard\wp-content\plugins\woocommerce\includes\class-wc-cart.php(1138): apply_filters('woocommerce_add...', Array, 648, 0, 1)
#3 C:\xampp\htdocs\unit_customization_dashboard\wp-content\plugins\woocommerce\includes\class-wc-form-handler.php(824): WC_Cart->add_to_cart(648, 1)
#4 C:\xampp\htdocs\unit_customization_dashboard\wp-content\plugins\woocommerce\includes\class-wc-form-handler.php(796): WC_Form_Handler::add_to_cart_handler_simple(648)
#5 C:\xampp\htdocs\unit_customization_dashboard\wp-includes\class-wp-hook.php(308): WC_Form_Handler::add_to_cart_action('')
#6 C:\xampp\htdocs\unit_customization_dashboard\wp-includes\class-wp-hook.php(332): WP_Hook->apply_filters(NULL, Array)
#7 C:\xampp\htdocs\unit_customization_dashboard\wp-includes\plugin.php(517): WP_Hook->do_action(Array)
#8 C:\xampp\htdocs\unit_customization_dashboard\wp-settings.php(639): do_action('wp_loaded')
#9 C:\xampp\htdocs\unit_customization_dashboard\wp-config.php(100): require_once('C:\\xampp\\htdocs...')
#10 C:\xampp\htdocs\unit_customization_dashboard\wp-load.php(50): require_once('C:\\xampp\\htdocs...')
#11 C:\xampp\htdocs\unit_customization_dashboard\wp-blog-header.php(13): require_once('C:\\xampp\\htdocs...')
#12 C:\xampp\htdocs\unit_customization_dashboard\index.php(17): require('C:\\xampp\\htdocs...')
#13 {main}
  thrown in C:\xampp\htdocs\unit_customization_dashboard\wp-content\themes\wplms-child\functions.php on line 355

2023-02-08T06:38:53+00:00 CRITICAL Uncaught TypeError: Cannot access offset of type string on string in C:\xampp\htdocs\unit_customization_dashboard\wp-content\themes\wplms-child\functions.php:355
Stack trace:
#0 C:\xampp\htdocs\unit_customization_dashboard\wp-includes\class-wp-hook.php(310): foy_save_custom_fields_data(Array, 648)
#1 C:\xampp\htdocs\unit_customization_dashboard\wp-includes\plugin.php(205): WP_Hook->apply_filters(Array, Array)
#2 C:\xampp\htdocs\unit_customization_dashboard\wp-content\plugins\woocommerce\includes\class-wc-cart.php(1138): apply_filters('woocommerce_add...', Array, 648, 0, 1)
#3 C:\xampp\htdocs\unit_customization_dashboard\wp-content\plugins\woocommerce\includes\class-wc-form-handler.php(824): WC_Cart->add_to_cart(648, 1)
#4 C:\xampp\htdocs\unit_customization_dashboard\wp-content\plugins\woocommerce\includes\class-wc-form-handler.php(796): WC_Form_Handler::add_to_cart_handler_simple(648)
#5 C:\xampp\htdocs\unit_customization_dashboard\wp-includes\class-wp-hook.php(308): WC_Form_Handler::add_to_cart_action('')
#6 C:\xampp\htdocs\unit_customization_dashboard\wp-includes\class-wp-hook.php(332): WP_Hook->apply_filters(NULL, Array)
#7 C:\xampp\htdocs\unit_customization_dashboard\wp-includes\plugin.php(517): WP_Hook->do_action(Array)
#8 C:\xampp\htdocs\unit_customization_dashboard\wp-settings.php(639): do_action('wp_loaded')
#9 C:\xampp\htdocs\unit_customization_dashboard\wp-config.php(100): require_once('C:\\xampp\\htdocs...')
#10 C:\xampp\htdocs\unit_customization_dashboard\wp-load.php(50): require_once('C:\\xampp\\htdocs...')
#11 C:\xampp\htdocs\unit_customization_dashboard\wp-blog-header.php(13): require_once('C:\\xampp\\htdocs...')
#12 C:\xampp\htdocs\unit_customization_dashboard\index.php(17): require('C:\\xampp\\htdocs...')
#13 {main}
  thrown in C:\xampp\htdocs\unit_customization_dashboard\wp-content\themes\wplms-child\functions.php on line 355

2023-02-08T06:41:49+00:00 CRITICAL Uncaught TypeError: Cannot access offset of type string on string in C:\xampp\htdocs\unit_customization_dashboard\wp-content\themes\wplms-child\functions.php:370
Stack trace:
#0 C:\xampp\htdocs\unit_customization_dashboard\wp-includes\class-wp-hook.php(308): display_custom_cart_item_data(Array, Array)
#1 C:\xampp\htdocs\unit_customization_dashboard\wp-includes\plugin.php(205): WP_Hook->apply_filters(Array, Array)
#2 C:\xampp\htdocs\unit_customization_dashboard\wp-content\plugins\woocommerce\includes\wc-template-functions.php(3738): apply_filters('woocommerce_get...', Array, Array)
#3 C:\xampp\htdocs\unit_customization_dashboard\wp-content\themes\wplms\woocommerce\cart\cart.php(92): wc_get_formatted_cart_item_data(Array)
#4 C:\xampp\htdocs\unit_customization_dashboard\wp-content\plugins\woocommerce\includes\wc-core-functions.php(345): include('C:\\xampp\\htdocs...')
#5 C:\xampp\htdocs\unit_customization_dashboard\wp-content\plugins\woocommerce\includes\shortcodes\class-wc-shortcode-cart.php(99): wc_get_template('cart/cart.php')
#6 C:\xampp\htdocs\unit_customization_dashboard\wp-content\plugins\woocommerce\includes\class-wc-shortcodes.php(72): WC_Shortcode_Cart::output(Array)
#7 C:\xampp\htdocs\unit_customization_dashboard\wp-content\plugins\woocommerce\includes\class-wc-shortcodes.php(85): WC_Shortcodes::shortcode_wrapper(Array)
#8 C:\xampp\htdocs\unit_customization_dashboard\wp-includes\shortcodes.php(355): WC_Shortcodes::cart('', '', 'woocommerce_car...')
#9 [internal function]: do_shortcode_tag(Array)
#10 C:\xampp\htdocs\unit_customization_dashboard\wp-includes\shortcodes.php(227): preg_replace_callback('/\\[(\\[?)(woocom...', 'do_shortcode_ta...', '[woocommerce_ca...')
#11 C:\xampp\htdocs\unit_customization_dashboard\wp-includes\class-wp-hook.php(308): do_shortcode('[woocommerce_ca...')
#12 C:\xampp\htdocs\unit_customization_dashboard\wp-includes\plugin.php(205): WP_Hook->apply_filters('[woocommerce_ca...', Array)
#13 C:\xampp\htdocs\unit_customization_dashboard\wp-includes\post-template.php(255): apply_filters('the_content', '<!-- wp:shortco...')
#14 C:\xampp\htdocs\unit_customization_dashboard\wp-content\themes\wplms\page.php(43): the_content()
#15 C:\xampp\htdocs\unit_customization_dashboard\wp-includes\template-loader.php(106): include('C:\\xampp\\htdocs...')
#16 C:\xampp\htdocs\unit_customization_dashboard\wp-blog-header.php(19): require_once('C:\\xampp\\htdocs...')
#17 C:\xampp\htdocs\unit_customization_dashboard\index.php(17): require('C:\\xampp\\htdocs...')
#18 {main}
  thrown in C:\xampp\htdocs\unit_customization_dashboard\wp-content\themes\wplms-child\functions.php on line 370

2023-02-08T06:43:29+00:00 CRITICAL Uncaught TypeError: Cannot access offset of type string on string in C:\xampp\htdocs\unit_customization_dashboard\wp-content\themes\wplms-child\functions.php:370
Stack trace:
#0 C:\xampp\htdocs\unit_customization_dashboard\wp-includes\class-wp-hook.php(308): display_custom_cart_item_data(Array, Array)
#1 C:\xampp\htdocs\unit_customization_dashboard\wp-includes\plugin.php(205): WP_Hook->apply_filters(Array, Array)
#2 C:\xampp\htdocs\unit_customization_dashboard\wp-content\plugins\woocommerce\includes\wc-template-functions.php(3738): apply_filters('woocommerce_get...', Array, Array)
#3 C:\xampp\htdocs\unit_customization_dashboard\wp-content\themes\wplms\woocommerce\cart\cart.php(92): wc_get_formatted_cart_item_data(Array)
#4 C:\xampp\htdocs\unit_customization_dashboard\wp-content\plugins\woocommerce\includes\wc-core-functions.php(345): include('C:\\xampp\\htdocs...')
#5 C:\xampp\htdocs\unit_customization_dashboard\wp-content\plugins\woocommerce\includes\shortcodes\class-wc-shortcode-cart.php(99): wc_get_template('cart/cart.php')
#6 C:\xampp\htdocs\unit_customization_dashboard\wp-content\plugins\woocommerce\includes\class-wc-shortcodes.php(72): WC_Shortcode_Cart::output(Array)
#7 C:\xampp\htdocs\unit_customization_dashboard\wp-content\plugins\woocommerce\includes\class-wc-shortcodes.php(85): WC_Shortcodes::shortcode_wrapper(Array)
#8 C:\xampp\htdocs\unit_customization_dashboard\wp-includes\shortcodes.php(355): WC_Shortcodes::cart('', '', 'woocommerce_car...')
#9 [internal function]: do_shortcode_tag(Array)
#10 C:\xampp\htdocs\unit_customization_dashboard\wp-includes\shortcodes.php(227): preg_replace_callback('/\\[(\\[?)(woocom...', 'do_shortcode_ta...', '[woocommerce_ca...')
#11 C:\xampp\htdocs\unit_customization_dashboard\wp-includes\class-wp-hook.php(308): do_shortcode('[woocommerce_ca...')
#12 C:\xampp\htdocs\unit_customization_dashboard\wp-includes\plugin.php(205): WP_Hook->apply_filters('[woocommerce_ca...', Array)
#13 C:\xampp\htdocs\unit_customization_dashboard\wp-includes\post-template.php(255): apply_filters('the_content', '<!-- wp:shortco...')
#14 C:\xampp\htdocs\unit_customization_dashboard\wp-content\themes\wplms\page.php(43): the_content()
#15 C:\xampp\htdocs\unit_customization_dashboard\wp-includes\template-loader.php(106): include('C:\\xampp\\htdocs...')
#16 C:\xampp\htdocs\unit_customization_dashboard\wp-blog-header.php(19): require_once('C:\\xampp\\htdocs...')
#17 C:\xampp\htdocs\unit_customization_dashboard\index.php(17): require('C:\\xampp\\htdocs...')
#18 {main}
  thrown in C:\xampp\htdocs\unit_customization_dashboard\wp-content\themes\wplms-child\functions.php on line 370

2023-02-08T07:02:47+00:00 CRITICAL Uncaught TypeError: Cannot access offset of type string on string in C:\xampp\htdocs\unit_customization_dashboard\wp-content\themes\wplms-child\functions.php:356
Stack trace:
#0 C:\xampp\htdocs\unit_customization_dashboard\wp-includes\class-wp-hook.php(310): foy_save_custom_fields_data(Array, 648)
#1 C:\xampp\htdocs\unit_customization_dashboard\wp-includes\plugin.php(205): WP_Hook->apply_filters(Array, Array)
#2 C:\xampp\htdocs\unit_customization_dashboard\wp-content\plugins\woocommerce\includes\class-wc-cart.php(1138): apply_filters('woocommerce_add...', Array, 648, 0, 1)
#3 C:\xampp\htdocs\unit_customization_dashboard\wp-content\plugins\woocommerce\includes\class-wc-form-handler.php(824): WC_Cart->add_to_cart(648, 1)
#4 C:\xampp\htdocs\unit_customization_dashboard\wp-content\plugins\woocommerce\includes\class-wc-form-handler.php(796): WC_Form_Handler::add_to_cart_handler_simple(648)
#5 C:\xampp\htdocs\unit_customization_dashboard\wp-includes\class-wp-hook.php(308): WC_Form_Handler::add_to_cart_action('')
#6 C:\xampp\htdocs\unit_customization_dashboard\wp-includes\class-wp-hook.php(332): WP_Hook->apply_filters(NULL, Array)
#7 C:\xampp\htdocs\unit_customization_dashboard\wp-includes\plugin.php(517): WP_Hook->do_action(Array)
#8 C:\xampp\htdocs\unit_customization_dashboard\wp-settings.php(639): do_action('wp_loaded')
#9 C:\xampp\htdocs\unit_customization_dashboard\wp-config.php(100): require_once('C:\\xampp\\htdocs...')
#10 C:\xampp\htdocs\unit_customization_dashboard\wp-load.php(50): require_once('C:\\xampp\\htdocs...')
#11 C:\xampp\htdocs\unit_customization_dashboard\wp-blog-header.php(13): require_once('C:\\xampp\\htdocs...')
#12 C:\xampp\htdocs\unit_customization_dashboard\index.php(17): require('C:\\xampp\\htdocs...')
#13 {main}
  thrown in C:\xampp\htdocs\unit_customization_dashboard\wp-content\themes\wplms-child\functions.php on line 356

