2023-01-30T06:29:13+00:00 CRITICAL Uncaught Error: Failed opening required 'C:\xampp\htdocs\unit_customization_dashboard/wp-content/themes/wplms-child/classes/for_you.php' (include_path='C:\xampp\php\PEAR') in C:\xampp\htdocs\unit_customization_dashboard\wp-content\themes\wplms-child\templates\profile\top.php:2
Stack trace:
#0 C:\xampp\htdocs\unit_customization_dashboard\wp-content\themes\wplms\includes\init.php(1026): include_once()
#1 C:\xampp\htdocs\unit_customization_dashboard\wp-content\themes\wplms\members\single\home.php(17): vibe_include_template('profile/top.php')
#2 C:\xampp\htdocs\unit_customization_dashboard\wp-includes\template.php(783): require_once('C:\\xampp\\htdocs...')
#3 C:\xampp\htdocs\unit_customization_dashboard\wp-content\plugins\buddypress\bp-core\bp-core-catchuri.php(493): load_template('C:\\xampp\\htdocs...')
#4 C:\xampp\htdocs\unit_customization_dashboard\wp-content\plugins\buddypress\bp-xprofile\screens\public.php(35): bp_core_load_template('members/single/...')
#5 C:\xampp\htdocs\unit_customization_dashboard\wp-includes\class-wp-hook.php(308): xprofile_screen_display_profile('')
#6 C:\xampp\htdocs\unit_customization_dashboard\wp-includes\class-wp-hook.php(332): WP_Hook->apply_filters('', Array)
#7 C:\xampp\htdocs\unit_customization_dashboard\wp-includes\plugin.php(517): WP_Hook->do_action(Array)
#8 C:\xampp\htdocs\unit_customization_dashboard\wp-content\plugins\buddypress\bp-core\bp-core-dependency.php(359): do_action('bp_screens')
#9 C:\xampp\htdocs\unit_customization_dashboard\wp-includes\class-wp-hook.php(308): bp_screens('')
#10 C:\xampp\htdocs\unit_customization_dashboard\wp-includes\class-wp-hook.php(332): WP_Hook->apply_filters(NULL, Array)
#11 C:\xampp\htdocs\unit_customization_dashboard\wp-includes\plugin.php(517): WP_Hook->do_action(Array)
#12 C:\xampp\htdocs\unit_customization_dashboard\wp-content\plugins\buddypress\bp-core\bp-core-dependency.php(416): do_action('bp_template_red...')
#13 C:\xampp\htdocs\unit_customization_dashboard\wp-includes\class-wp-hook.php(308): bp_template_redirect('')
#14 C:\xampp\htdocs\unit_customization_dashboard\wp-includes\class-wp-hook.php(332): WP_Hook->apply_filters(NULL, Array)
#15 C:\xampp\htdocs\unit_customization_dashboard\wp-includes\plugin.php(517): WP_Hook->do_action(Array)
#16 C:\xampp\htdocs\unit_customization_dashboard\wp-includes\template-loader.php(13): do_action('template_redire...')
#17 C:\xampp\htdocs\unit_customization_dashboard\wp-blog-header.php(19): require_once('C:\\xampp\\htdocs...')
#18 C:\xampp\htdocs\unit_customization_dashboard\index.php(17): require('C:\\xampp\\htdocs...')
#19 {main}
  thrown in C:\xampp\htdocs\unit_customization_dashboard\wp-content\themes\wplms-child\templates\profile\top.php on line 2

2023-01-30T06:30:39+00:00 CRITICAL Uncaught Error: Failed opening required 'C:\xampp\htdocs\unit_customization_dashboard/wp-content/themes/wplms-child/classes/for_you.php' (include_path='C:\xampp\php\PEAR') in C:\xampp\htdocs\unit_customization_dashboard\wp-content\themes\wplms-child\templates\profile\top.php:2
Stack trace:
#0 C:\xampp\htdocs\unit_customization_dashboard\wp-content\themes\wplms\includes\init.php(1026): include_once()
#1 C:\xampp\htdocs\unit_customization_dashboard\wp-content\themes\wplms\members\single\home.php(17): vibe_include_template('profile/top.php')
#2 C:\xampp\htdocs\unit_customization_dashboard\wp-includes\template.php(783): require_once('C:\\xampp\\htdocs...')
#3 C:\xampp\htdocs\unit_customization_dashboard\wp-content\plugins\buddypress\bp-core\bp-core-catchuri.php(493): load_template('C:\\xampp\\htdocs...')
#4 C:\xampp\htdocs\unit_customization_dashboard\wp-content\plugins\buddypress\bp-xprofile\screens\public.php(35): bp_core_load_template('members/single/...')
#5 C:\xampp\htdocs\unit_customization_dashboard\wp-includes\class-wp-hook.php(308): xprofile_screen_display_profile('')
#6 C:\xampp\htdocs\unit_customization_dashboard\wp-includes\class-wp-hook.php(332): WP_Hook->apply_filters('', Array)
#7 C:\xampp\htdocs\unit_customization_dashboard\wp-includes\plugin.php(517): WP_Hook->do_action(Array)
#8 C:\xampp\htdocs\unit_customization_dashboard\wp-content\plugins\buddypress\bp-core\bp-core-dependency.php(359): do_action('bp_screens')
#9 C:\xampp\htdocs\unit_customization_dashboard\wp-includes\class-wp-hook.php(308): bp_screens('')
#10 C:\xampp\htdocs\unit_customization_dashboard\wp-includes\class-wp-hook.php(332): WP_Hook->apply_filters(NULL, Array)
#11 C:\xampp\htdocs\unit_customization_dashboard\wp-includes\plugin.php(517): WP_Hook->do_action(Array)
#12 C:\xampp\htdocs\unit_customization_dashboard\wp-content\plugins\buddypress\bp-core\bp-core-dependency.php(416): do_action('bp_template_red...')
#13 C:\xampp\htdocs\unit_customization_dashboard\wp-includes\class-wp-hook.php(308): bp_template_redirect('')
#14 C:\xampp\htdocs\unit_customization_dashboard\wp-includes\class-wp-hook.php(332): WP_Hook->apply_filters(NULL, Array)
#15 C:\xampp\htdocs\unit_customization_dashboard\wp-includes\plugin.php(517): WP_Hook->do_action(Array)
#16 C:\xampp\htdocs\unit_customization_dashboard\wp-includes\template-loader.php(13): do_action('template_redire...')
#17 C:\xampp\htdocs\unit_customization_dashboard\wp-blog-header.php(19): require_once('C:\\xampp\\htdocs...')
#18 C:\xampp\htdocs\unit_customization_dashboard\index.php(17): require('C:\\xampp\\htdocs...')
#19 {main}
  thrown in C:\xampp\htdocs\unit_customization_dashboard\wp-content\themes\wplms-child\templates\profile\top.php on line 2

2023-01-30T06:31:41+00:00 CRITICAL Uncaught Error: Failed opening required 'C:\xampp\htdocs\unit_customization_dashboard/wp-content/themes/wplms-child/classes/for_you.php' (include_path='C:\xampp\php\PEAR') in C:\xampp\htdocs\unit_customization_dashboard\wp-content\themes\wplms-child\templates\profile\top.php:2
Stack trace:
#0 C:\xampp\htdocs\unit_customization_dashboard\wp-content\themes\wplms\includes\init.php(1026): include_once()
#1 C:\xampp\htdocs\unit_customization_dashboard\wp-content\themes\wplms\members\single\home.php(17): vibe_include_template('profile/top.php')
#2 C:\xampp\htdocs\unit_customization_dashboard\wp-includes\template.php(783): require_once('C:\\xampp\\htdocs...')
#3 C:\xampp\htdocs\unit_customization_dashboard\wp-content\plugins\buddypress\bp-core\bp-core-catchuri.php(493): load_template('C:\\xampp\\htdocs...')
#4 C:\xampp\htdocs\unit_customization_dashboard\wp-content\plugins\buddypress\bp-xprofile\screens\public.php(35): bp_core_load_template('members/single/...')
#5 C:\xampp\htdocs\unit_customization_dashboard\wp-includes\class-wp-hook.php(308): xprofile_screen_display_profile('')
#6 C:\xampp\htdocs\unit_customization_dashboard\wp-includes\class-wp-hook.php(332): WP_Hook->apply_filters('', Array)
#7 C:\xampp\htdocs\unit_customization_dashboard\wp-includes\plugin.php(517): WP_Hook->do_action(Array)
#8 C:\xampp\htdocs\unit_customization_dashboard\wp-content\plugins\buddypress\bp-core\bp-core-dependency.php(359): do_action('bp_screens')
#9 C:\xampp\htdocs\unit_customization_dashboard\wp-includes\class-wp-hook.php(308): bp_screens('')
#10 C:\xampp\htdocs\unit_customization_dashboard\wp-includes\class-wp-hook.php(332): WP_Hook->apply_filters(NULL, Array)
#11 C:\xampp\htdocs\unit_customization_dashboard\wp-includes\plugin.php(517): WP_Hook->do_action(Array)
#12 C:\xampp\htdocs\unit_customization_dashboard\wp-content\plugins\buddypress\bp-core\bp-core-dependency.php(416): do_action('bp_template_red...')
#13 C:\xampp\htdocs\unit_customization_dashboard\wp-includes\class-wp-hook.php(308): bp_template_redirect('')
#14 C:\xampp\htdocs\unit_customization_dashboard\wp-includes\class-wp-hook.php(332): WP_Hook->apply_filters(NULL, Array)
#15 C:\xampp\htdocs\unit_customization_dashboard\wp-includes\plugin.php(517): WP_Hook->do_action(Array)
#16 C:\xampp\htdocs\unit_customization_dashboard\wp-includes\template-loader.php(13): do_action('template_redire...')
#17 C:\xampp\htdocs\unit_customization_dashboard\wp-blog-header.php(19): require_once('C:\\xampp\\htdocs...')
#18 C:\xampp\htdocs\unit_customization_dashboard\index.php(17): require('C:\\xampp\\htdocs...')
#19 {main}
  thrown in C:\xampp\htdocs\unit_customization_dashboard\wp-content\themes\wplms-child\templates\profile\top.php on line 2

