2023-01-12T05:33:10+00:00 CRITICAL Uncaught TypeError: urlencode(): Argument #1 ($string) must be of type string, array given in C:\xampp\htdocs\unit_customization_dashboard\wp-includes\formatting.php:5525
Stack trace:
#0 C:\xampp\htdocs\unit_customization_dashboard\wp-includes\formatting.php(5525): urlencode(Array)
#1 C:\xampp\htdocs\unit_customization_dashboard\wp-includes\class-wp-query.php(1166): wp_basename(Array)
#2 C:\xampp\htdocs\unit_customization_dashboard\wp-includes\class-wp-query.php(936): WP_Query->parse_tax_query(Array)
#3 C:\xampp\htdocs\unit_customization_dashboard\wp-includes\class-wp-query.php(1820): WP_Query->parse_query()
#4 C:\xampp\htdocs\unit_customization_dashboard\wp-includes\class-wp-query.php(3749): WP_Query->get_posts()
#5 C:\xampp\htdocs\unit_customization_dashboard\wp-includes\class-wp.php(663): WP_Query->query(Array)
#6 C:\xampp\htdocs\unit_customization_dashboard\wp-includes\class-wp.php(783): WP->query_posts()
#7 C:\xampp\htdocs\unit_customization_dashboard\wp-includes\functions.php(1332): WP->main('')
#8 C:\xampp\htdocs\unit_customization_dashboard\wp-blog-header.php(16): wp()
#9 C:\xampp\htdocs\unit_customization_dashboard\index.php(17): require('C:\\xampp\\htdocs...')
#10 {main}
  thrown in C:\xampp\htdocs\unit_customization_dashboard\wp-includes\formatting.php on line 5525

2023-01-12T05:38:08+00:00 CRITICAL Uncaught TypeError: urlencode(): Argument #1 ($string) must be of type string, array given in C:\xampp\htdocs\unit_customization_dashboard\wp-includes\formatting.php:5525
Stack trace:
#0 C:\xampp\htdocs\unit_customization_dashboard\wp-includes\formatting.php(5525): urlencode(Array)
#1 C:\xampp\htdocs\unit_customization_dashboard\wp-includes\class-wp-query.php(1166): wp_basename(Array)
#2 C:\xampp\htdocs\unit_customization_dashboard\wp-includes\class-wp-query.php(936): WP_Query->parse_tax_query(Array)
#3 C:\xampp\htdocs\unit_customization_dashboard\wp-includes\class-wp-query.php(1820): WP_Query->parse_query()
#4 C:\xampp\htdocs\unit_customization_dashboard\wp-includes\class-wp-query.php(3749): WP_Query->get_posts()
#5 C:\xampp\htdocs\unit_customization_dashboard\wp-includes\class-wp.php(663): WP_Query->query(Array)
#6 C:\xampp\htdocs\unit_customization_dashboard\wp-includes\class-wp.php(783): WP->query_posts()
#7 C:\xampp\htdocs\unit_customization_dashboard\wp-includes\functions.php(1332): WP->main('')
#8 C:\xampp\htdocs\unit_customization_dashboard\wp-blog-header.php(16): wp()
#9 C:\xampp\htdocs\unit_customization_dashboard\index.php(17): require('C:\\xampp\\htdocs...')
#10 {main}
  thrown in C:\xampp\htdocs\unit_customization_dashboard\wp-includes\formatting.php on line 5525

2023-01-12T05:40:17+00:00 CRITICAL Uncaught TypeError: urlencode(): Argument #1 ($string) must be of type string, array given in C:\xampp\htdocs\unit_customization_dashboard\wp-includes\formatting.php:5525
Stack trace:
#0 C:\xampp\htdocs\unit_customization_dashboard\wp-includes\formatting.php(5525): urlencode(Array)
#1 C:\xampp\htdocs\unit_customization_dashboard\wp-includes\class-wp-query.php(1166): wp_basename(Array)
#2 C:\xampp\htdocs\unit_customization_dashboard\wp-includes\class-wp-query.php(936): WP_Query->parse_tax_query(Array)
#3 C:\xampp\htdocs\unit_customization_dashboard\wp-includes\class-wp-query.php(1820): WP_Query->parse_query()
#4 C:\xampp\htdocs\unit_customization_dashboard\wp-includes\class-wp-query.php(3749): WP_Query->get_posts()
#5 C:\xampp\htdocs\unit_customization_dashboard\wp-includes\class-wp.php(663): WP_Query->query(Array)
#6 C:\xampp\htdocs\unit_customization_dashboard\wp-includes\class-wp.php(783): WP->query_posts()
#7 C:\xampp\htdocs\unit_customization_dashboard\wp-includes\functions.php(1332): WP->main('')
#8 C:\xampp\htdocs\unit_customization_dashboard\wp-blog-header.php(16): wp()
#9 C:\xampp\htdocs\unit_customization_dashboard\index.php(17): require('C:\\xampp\\htdocs...')
#10 {main}
  thrown in C:\xampp\htdocs\unit_customization_dashboard\wp-includes\formatting.php on line 5525

2023-01-12T05:41:09+00:00 CRITICAL Uncaught TypeError: urlencode(): Argument #1 ($string) must be of type string, array given in C:\xampp\htdocs\unit_customization_dashboard\wp-includes\formatting.php:5525
Stack trace:
#0 C:\xampp\htdocs\unit_customization_dashboard\wp-includes\formatting.php(5525): urlencode(Array)
#1 C:\xampp\htdocs\unit_customization_dashboard\wp-includes\class-wp-query.php(1166): wp_basename(Array)
#2 C:\xampp\htdocs\unit_customization_dashboard\wp-includes\class-wp-query.php(936): WP_Query->parse_tax_query(Array)
#3 C:\xampp\htdocs\unit_customization_dashboard\wp-includes\class-wp-query.php(1820): WP_Query->parse_query()
#4 C:\xampp\htdocs\unit_customization_dashboard\wp-includes\class-wp-query.php(3749): WP_Query->get_posts()
#5 C:\xampp\htdocs\unit_customization_dashboard\wp-includes\class-wp.php(663): WP_Query->query(Array)
#6 C:\xampp\htdocs\unit_customization_dashboard\wp-includes\class-wp.php(783): WP->query_posts()
#7 C:\xampp\htdocs\unit_customization_dashboard\wp-includes\functions.php(1332): WP->main('')
#8 C:\xampp\htdocs\unit_customization_dashboard\wp-blog-header.php(16): wp()
#9 C:\xampp\htdocs\unit_customization_dashboard\index.php(17): require('C:\\xampp\\htdocs...')
#10 {main}
  thrown in C:\xampp\htdocs\unit_customization_dashboard\wp-includes\formatting.php on line 5525

2023-01-12T06:16:25+00:00 CRITICAL Uncaught Error: Class "ForYou" not found in C:\xampp\htdocs\unit_customization_dashboard\wp-content\themes\wplms-child\templates\profile\top.php:3
Stack trace:
#0 C:\xampp\htdocs\unit_customization_dashboard\wp-content\themes\wplms\includes\init.php(1026): include_once()
#1 C:\xampp\htdocs\unit_customization_dashboard\wp-content\themes\wplms\members\single\home.php(17): vibe_include_template('profile/top.php')
#2 C:\xampp\htdocs\unit_customization_dashboard\wp-includes\template.php(783): require_once('C:\\xampp\\htdocs...')
#3 C:\xampp\htdocs\unit_customization_dashboard\wp-content\plugins\buddypress\bp-core\bp-core-catchuri.php(493): load_template('C:\\xampp\\htdocs...')
#4 C:\xampp\htdocs\unit_customization_dashboard\wp-content\plugins\buddypress\bp-xprofile\screens\public.php(35): bp_core_load_template('members/single/...')
#5 C:\xampp\htdocs\unit_customization_dashboard\wp-includes\class-wp-hook.php(308): xprofile_screen_display_profile('')
#6 C:\xampp\htdocs\unit_customization_dashboard\wp-includes\class-wp-hook.php(332): WP_Hook->apply_filters('', Array)
#7 C:\xampp\htdocs\unit_customization_dashboard\wp-includes\plugin.php(517): WP_Hook->do_action(Array)
#8 C:\xampp\htdocs\unit_customization_dashboard\wp-content\plugins\buddypress\bp-core\bp-core-dependency.php(359): do_action('bp_screens')
#9 C:\xampp\htdocs\unit_customization_dashboard\wp-includes\class-wp-hook.php(308): bp_screens('')
#10 C:\xampp\htdocs\unit_customization_dashboard\wp-includes\class-wp-hook.php(332): WP_Hook->apply_filters(NULL, Array)
#11 C:\xampp\htdocs\unit_customization_dashboard\wp-includes\plugin.php(517): WP_Hook->do_action(Array)
#12 C:\xampp\htdocs\unit_customization_dashboard\wp-content\plugins\buddypress\bp-core\bp-core-dependency.php(416): do_action('bp_template_red...')
#13 C:\xampp\htdocs\unit_customization_dashboard\wp-includes\class-wp-hook.php(308): bp_template_redirect('')
#14 C:\xampp\htdocs\unit_customization_dashboard\wp-includes\class-wp-hook.php(332): WP_Hook->apply_filters(NULL, Array)
#15 C:\xampp\htdocs\unit_customization_dashboard\wp-includes\plugin.php(517): WP_Hook->do_action(Array)
#16 C:\xampp\htdocs\unit_customization_dashboard\wp-includes\template-loader.php(13): do_action('template_redire...')
#17 C:\xampp\htdocs\unit_customization_dashboard\wp-blog-header.php(19): require_once('C:\\xampp\\htdocs...')
#18 C:\xampp\htdocs\unit_customization_dashboard\index.php(17): require('C:\\xampp\\htdocs...')
#19 {main}
  thrown in C:\xampp\htdocs\unit_customization_dashboard\wp-content\themes\wplms-child\templates\profile\top.php on line 3

2023-01-12T06:16:42+00:00 CRITICAL Uncaught Error: Class "ForYou" not found in C:\xampp\htdocs\unit_customization_dashboard\wp-content\themes\wplms-child\templates\profile\top.php:3
Stack trace:
#0 C:\xampp\htdocs\unit_customization_dashboard\wp-content\themes\wplms\includes\init.php(1026): include_once()
#1 C:\xampp\htdocs\unit_customization_dashboard\wp-content\themes\wplms\members\single\home.php(17): vibe_include_template('profile/top.php')
#2 C:\xampp\htdocs\unit_customization_dashboard\wp-includes\template.php(783): require_once('C:\\xampp\\htdocs...')
#3 C:\xampp\htdocs\unit_customization_dashboard\wp-content\plugins\buddypress\bp-core\bp-core-catchuri.php(493): load_template('C:\\xampp\\htdocs...')
#4 C:\xampp\htdocs\unit_customization_dashboard\wp-content\plugins\buddypress\bp-xprofile\screens\public.php(35): bp_core_load_template('members/single/...')
#5 C:\xampp\htdocs\unit_customization_dashboard\wp-includes\class-wp-hook.php(308): xprofile_screen_display_profile('')
#6 C:\xampp\htdocs\unit_customization_dashboard\wp-includes\class-wp-hook.php(332): WP_Hook->apply_filters('', Array)
#7 C:\xampp\htdocs\unit_customization_dashboard\wp-includes\plugin.php(517): WP_Hook->do_action(Array)
#8 C:\xampp\htdocs\unit_customization_dashboard\wp-content\plugins\buddypress\bp-core\bp-core-dependency.php(359): do_action('bp_screens')
#9 C:\xampp\htdocs\unit_customization_dashboard\wp-includes\class-wp-hook.php(308): bp_screens('')
#10 C:\xampp\htdocs\unit_customization_dashboard\wp-includes\class-wp-hook.php(332): WP_Hook->apply_filters(NULL, Array)
#11 C:\xampp\htdocs\unit_customization_dashboard\wp-includes\plugin.php(517): WP_Hook->do_action(Array)
#12 C:\xampp\htdocs\unit_customization_dashboard\wp-content\plugins\buddypress\bp-core\bp-core-dependency.php(416): do_action('bp_template_red...')
#13 C:\xampp\htdocs\unit_customization_dashboard\wp-includes\class-wp-hook.php(308): bp_template_redirect('')
#14 C:\xampp\htdocs\unit_customization_dashboard\wp-includes\class-wp-hook.php(332): WP_Hook->apply_filters(NULL, Array)
#15 C:\xampp\htdocs\unit_customization_dashboard\wp-includes\plugin.php(517): WP_Hook->do_action(Array)
#16 C:\xampp\htdocs\unit_customization_dashboard\wp-includes\template-loader.php(13): do_action('template_redire...')
#17 C:\xampp\htdocs\unit_customization_dashboard\wp-blog-header.php(19): require_once('C:\\xampp\\htdocs...')
#18 C:\xampp\htdocs\unit_customization_dashboard\index.php(17): require('C:\\xampp\\htdocs...')
#19 {main}
  thrown in C:\xampp\htdocs\unit_customization_dashboard\wp-content\themes\wplms-child\templates\profile\top.php on line 3

2023-01-12T06:17:30+00:00 CRITICAL Uncaught Error: Class "ForYou" not found in C:\xampp\htdocs\unit_customization_dashboard\wp-content\themes\wplms-child\templates\profile\top.php:3
Stack trace:
#0 C:\xampp\htdocs\unit_customization_dashboard\wp-content\themes\wplms\includes\init.php(1026): include_once()
#1 C:\xampp\htdocs\unit_customization_dashboard\wp-content\themes\wplms\members\single\home.php(17): vibe_include_template('profile/top.php')
#2 C:\xampp\htdocs\unit_customization_dashboard\wp-includes\template.php(783): require_once('C:\\xampp\\htdocs...')
#3 C:\xampp\htdocs\unit_customization_dashboard\wp-content\plugins\buddypress\bp-core\bp-core-catchuri.php(493): load_template('C:\\xampp\\htdocs...')
#4 C:\xampp\htdocs\unit_customization_dashboard\wp-content\plugins\buddypress\bp-xprofile\screens\public.php(35): bp_core_load_template('members/single/...')
#5 C:\xampp\htdocs\unit_customization_dashboard\wp-includes\class-wp-hook.php(308): xprofile_screen_display_profile('')
#6 C:\xampp\htdocs\unit_customization_dashboard\wp-includes\class-wp-hook.php(332): WP_Hook->apply_filters('', Array)
#7 C:\xampp\htdocs\unit_customization_dashboard\wp-includes\plugin.php(517): WP_Hook->do_action(Array)
#8 C:\xampp\htdocs\unit_customization_dashboard\wp-content\plugins\buddypress\bp-core\bp-core-dependency.php(359): do_action('bp_screens')
#9 C:\xampp\htdocs\unit_customization_dashboard\wp-includes\class-wp-hook.php(308): bp_screens('')
#10 C:\xampp\htdocs\unit_customization_dashboard\wp-includes\class-wp-hook.php(332): WP_Hook->apply_filters(NULL, Array)
#11 C:\xampp\htdocs\unit_customization_dashboard\wp-includes\plugin.php(517): WP_Hook->do_action(Array)
#12 C:\xampp\htdocs\unit_customization_dashboard\wp-content\plugins\buddypress\bp-core\bp-core-dependency.php(416): do_action('bp_template_red...')
#13 C:\xampp\htdocs\unit_customization_dashboard\wp-includes\class-wp-hook.php(308): bp_template_redirect('')
#14 C:\xampp\htdocs\unit_customization_dashboard\wp-includes\class-wp-hook.php(332): WP_Hook->apply_filters(NULL, Array)
#15 C:\xampp\htdocs\unit_customization_dashboard\wp-includes\plugin.php(517): WP_Hook->do_action(Array)
#16 C:\xampp\htdocs\unit_customization_dashboard\wp-includes\template-loader.php(13): do_action('template_redire...')
#17 C:\xampp\htdocs\unit_customization_dashboard\wp-blog-header.php(19): require_once('C:\\xampp\\htdocs...')
#18 C:\xampp\htdocs\unit_customization_dashboard\index.php(17): require('C:\\xampp\\htdocs...')
#19 {main}
  thrown in C:\xampp\htdocs\unit_customization_dashboard\wp-content\themes\wplms-child\templates\profile\top.php on line 3

2023-01-12T06:20:17+00:00 CRITICAL Uncaught Error: Class "ForYou" not found in C:\xampp\htdocs\unit_customization_dashboard\wp-content\themes\wplms-child\templates\profile\top.php:6
Stack trace:
#0 C:\xampp\htdocs\unit_customization_dashboard\wp-content\themes\wplms\includes\init.php(1026): include_once()
#1 C:\xampp\htdocs\unit_customization_dashboard\wp-content\themes\wplms\members\single\home.php(17): vibe_include_template('profile/top.php')
#2 C:\xampp\htdocs\unit_customization_dashboard\wp-includes\template.php(783): require_once('C:\\xampp\\htdocs...')
#3 C:\xampp\htdocs\unit_customization_dashboard\wp-content\plugins\buddypress\bp-core\bp-core-catchuri.php(493): load_template('C:\\xampp\\htdocs...')
#4 C:\xampp\htdocs\unit_customization_dashboard\wp-content\plugins\buddypress\bp-xprofile\screens\public.php(35): bp_core_load_template('members/single/...')
#5 C:\xampp\htdocs\unit_customization_dashboard\wp-includes\class-wp-hook.php(308): xprofile_screen_display_profile('')
#6 C:\xampp\htdocs\unit_customization_dashboard\wp-includes\class-wp-hook.php(332): WP_Hook->apply_filters('', Array)
#7 C:\xampp\htdocs\unit_customization_dashboard\wp-includes\plugin.php(517): WP_Hook->do_action(Array)
#8 C:\xampp\htdocs\unit_customization_dashboard\wp-content\plugins\buddypress\bp-core\bp-core-dependency.php(359): do_action('bp_screens')
#9 C:\xampp\htdocs\unit_customization_dashboard\wp-includes\class-wp-hook.php(308): bp_screens('')
#10 C:\xampp\htdocs\unit_customization_dashboard\wp-includes\class-wp-hook.php(332): WP_Hook->apply_filters(NULL, Array)
#11 C:\xampp\htdocs\unit_customization_dashboard\wp-includes\plugin.php(517): WP_Hook->do_action(Array)
#12 C:\xampp\htdocs\unit_customization_dashboard\wp-content\plugins\buddypress\bp-core\bp-core-dependency.php(416): do_action('bp_template_red...')
#13 C:\xampp\htdocs\unit_customization_dashboard\wp-includes\class-wp-hook.php(308): bp_template_redirect('')
#14 C:\xampp\htdocs\unit_customization_dashboard\wp-includes\class-wp-hook.php(332): WP_Hook->apply_filters(NULL, Array)
#15 C:\xampp\htdocs\unit_customization_dashboard\wp-includes\plugin.php(517): WP_Hook->do_action(Array)
#16 C:\xampp\htdocs\unit_customization_dashboard\wp-includes\template-loader.php(13): do_action('template_redire...')
#17 C:\xampp\htdocs\unit_customization_dashboard\wp-blog-header.php(19): require_once('C:\\xampp\\htdocs...')
#18 C:\xampp\htdocs\unit_customization_dashboard\index.php(17): require('C:\\xampp\\htdocs...')
#19 {main}
  thrown in C:\xampp\htdocs\unit_customization_dashboard\wp-content\themes\wplms-child\templates\profile\top.php on line 6

2023-01-12T06:21:11+00:00 CRITICAL Uncaught Error: Class "ForYou" not found in C:\xampp\htdocs\unit_customization_dashboard\wp-content\themes\wplms-child\templates\profile\top.php:26
Stack trace:
#0 C:\xampp\htdocs\unit_customization_dashboard\wp-content\themes\wplms\includes\init.php(1026): include_once()
#1 C:\xampp\htdocs\unit_customization_dashboard\wp-content\themes\wplms\members\single\home.php(17): vibe_include_template('profile/top.php')
#2 C:\xampp\htdocs\unit_customization_dashboard\wp-includes\template.php(783): require_once('C:\\xampp\\htdocs...')
#3 C:\xampp\htdocs\unit_customization_dashboard\wp-content\plugins\buddypress\bp-core\bp-core-catchuri.php(493): load_template('C:\\xampp\\htdocs...')
#4 C:\xampp\htdocs\unit_customization_dashboard\wp-content\plugins\buddypress\bp-xprofile\screens\public.php(35): bp_core_load_template('members/single/...')
#5 C:\xampp\htdocs\unit_customization_dashboard\wp-includes\class-wp-hook.php(308): xprofile_screen_display_profile('')
#6 C:\xampp\htdocs\unit_customization_dashboard\wp-includes\class-wp-hook.php(332): WP_Hook->apply_filters('', Array)
#7 C:\xampp\htdocs\unit_customization_dashboard\wp-includes\plugin.php(517): WP_Hook->do_action(Array)
#8 C:\xampp\htdocs\unit_customization_dashboard\wp-content\plugins\buddypress\bp-core\bp-core-dependency.php(359): do_action('bp_screens')
#9 C:\xampp\htdocs\unit_customization_dashboard\wp-includes\class-wp-hook.php(308): bp_screens('')
#10 C:\xampp\htdocs\unit_customization_dashboard\wp-includes\class-wp-hook.php(332): WP_Hook->apply_filters(NULL, Array)
#11 C:\xampp\htdocs\unit_customization_dashboard\wp-includes\plugin.php(517): WP_Hook->do_action(Array)
#12 C:\xampp\htdocs\unit_customization_dashboard\wp-content\plugins\buddypress\bp-core\bp-core-dependency.php(416): do_action('bp_template_red...')
#13 C:\xampp\htdocs\unit_customization_dashboard\wp-includes\class-wp-hook.php(308): bp_template_redirect('')
#14 C:\xampp\htdocs\unit_customization_dashboard\wp-includes\class-wp-hook.php(332): WP_Hook->apply_filters(NULL, Array)
#15 C:\xampp\htdocs\unit_customization_dashboard\wp-includes\plugin.php(517): WP_Hook->do_action(Array)
#16 C:\xampp\htdocs\unit_customization_dashboard\wp-includes\template-loader.php(13): do_action('template_redire...')
#17 C:\xampp\htdocs\unit_customization_dashboard\wp-blog-header.php(19): require_once('C:\\xampp\\htdocs...')
#18 C:\xampp\htdocs\unit_customization_dashboard\index.php(17): require('C:\\xampp\\htdocs...')
#19 {main}
  thrown in C:\xampp\htdocs\unit_customization_dashboard\wp-content\themes\wplms-child\templates\profile\top.php on line 26

2023-01-12T06:21:24+00:00 CRITICAL Uncaught Error: Class "ForYou" not found in C:\xampp\htdocs\unit_customization_dashboard\wp-content\themes\wplms-child\templates\profile\top.php:26
Stack trace:
#0 C:\xampp\htdocs\unit_customization_dashboard\wp-content\themes\wplms\includes\init.php(1026): include_once()
#1 C:\xampp\htdocs\unit_customization_dashboard\wp-content\themes\wplms\members\single\home.php(17): vibe_include_template('profile/top.php')
#2 C:\xampp\htdocs\unit_customization_dashboard\wp-includes\template.php(783): require_once('C:\\xampp\\htdocs...')
#3 C:\xampp\htdocs\unit_customization_dashboard\wp-content\plugins\buddypress\bp-core\bp-core-catchuri.php(493): load_template('C:\\xampp\\htdocs...')
#4 C:\xampp\htdocs\unit_customization_dashboard\wp-content\plugins\buddypress\bp-xprofile\screens\public.php(35): bp_core_load_template('members/single/...')
#5 C:\xampp\htdocs\unit_customization_dashboard\wp-includes\class-wp-hook.php(308): xprofile_screen_display_profile('')
#6 C:\xampp\htdocs\unit_customization_dashboard\wp-includes\class-wp-hook.php(332): WP_Hook->apply_filters('', Array)
#7 C:\xampp\htdocs\unit_customization_dashboard\wp-includes\plugin.php(517): WP_Hook->do_action(Array)
#8 C:\xampp\htdocs\unit_customization_dashboard\wp-content\plugins\buddypress\bp-core\bp-core-dependency.php(359): do_action('bp_screens')
#9 C:\xampp\htdocs\unit_customization_dashboard\wp-includes\class-wp-hook.php(308): bp_screens('')
#10 C:\xampp\htdocs\unit_customization_dashboard\wp-includes\class-wp-hook.php(332): WP_Hook->apply_filters(NULL, Array)
#11 C:\xampp\htdocs\unit_customization_dashboard\wp-includes\plugin.php(517): WP_Hook->do_action(Array)
#12 C:\xampp\htdocs\unit_customization_dashboard\wp-content\plugins\buddypress\bp-core\bp-core-dependency.php(416): do_action('bp_template_red...')
#13 C:\xampp\htdocs\unit_customization_dashboard\wp-includes\class-wp-hook.php(308): bp_template_redirect('')
#14 C:\xampp\htdocs\unit_customization_dashboard\wp-includes\class-wp-hook.php(332): WP_Hook->apply_filters(NULL, Array)
#15 C:\xampp\htdocs\unit_customization_dashboard\wp-includes\plugin.php(517): WP_Hook->do_action(Array)
#16 C:\xampp\htdocs\unit_customization_dashboard\wp-includes\template-loader.php(13): do_action('template_redire...')
#17 C:\xampp\htdocs\unit_customization_dashboard\wp-blog-header.php(19): require_once('C:\\xampp\\htdocs...')
#18 C:\xampp\htdocs\unit_customization_dashboard\index.php(17): require('C:\\xampp\\htdocs...')
#19 {main}
  thrown in C:\xampp\htdocs\unit_customization_dashboard\wp-content\themes\wplms-child\templates\profile\top.php on line 26

2023-01-12T06:21:34+00:00 CRITICAL Uncaught Error: Class "ForYou" not found in C:\xampp\htdocs\unit_customization_dashboard\wp-content\themes\wplms-child\templates\profile\top.php:26
Stack trace:
#0 C:\xampp\htdocs\unit_customization_dashboard\wp-content\themes\wplms\includes\init.php(1026): include_once()
#1 C:\xampp\htdocs\unit_customization_dashboard\wp-content\themes\wplms\members\single\home.php(17): vibe_include_template('profile/top.php')
#2 C:\xampp\htdocs\unit_customization_dashboard\wp-includes\template.php(783): require_once('C:\\xampp\\htdocs...')
#3 C:\xampp\htdocs\unit_customization_dashboard\wp-content\plugins\buddypress\bp-core\bp-core-catchuri.php(493): load_template('C:\\xampp\\htdocs...')
#4 C:\xampp\htdocs\unit_customization_dashboard\wp-content\plugins\buddypress\bp-xprofile\screens\public.php(35): bp_core_load_template('members/single/...')
#5 C:\xampp\htdocs\unit_customization_dashboard\wp-includes\class-wp-hook.php(308): xprofile_screen_display_profile('')
#6 C:\xampp\htdocs\unit_customization_dashboard\wp-includes\class-wp-hook.php(332): WP_Hook->apply_filters('', Array)
#7 C:\xampp\htdocs\unit_customization_dashboard\wp-includes\plugin.php(517): WP_Hook->do_action(Array)
#8 C:\xampp\htdocs\unit_customization_dashboard\wp-content\plugins\buddypress\bp-core\bp-core-dependency.php(359): do_action('bp_screens')
#9 C:\xampp\htdocs\unit_customization_dashboard\wp-includes\class-wp-hook.php(308): bp_screens('')
#10 C:\xampp\htdocs\unit_customization_dashboard\wp-includes\class-wp-hook.php(332): WP_Hook->apply_filters(NULL, Array)
#11 C:\xampp\htdocs\unit_customization_dashboard\wp-includes\plugin.php(517): WP_Hook->do_action(Array)
#12 C:\xampp\htdocs\unit_customization_dashboard\wp-content\plugins\buddypress\bp-core\bp-core-dependency.php(416): do_action('bp_template_red...')
#13 C:\xampp\htdocs\unit_customization_dashboard\wp-includes\class-wp-hook.php(308): bp_template_redirect('')
#14 C:\xampp\htdocs\unit_customization_dashboard\wp-includes\class-wp-hook.php(332): WP_Hook->apply_filters(NULL, Array)
#15 C:\xampp\htdocs\unit_customization_dashboard\wp-includes\plugin.php(517): WP_Hook->do_action(Array)
#16 C:\xampp\htdocs\unit_customization_dashboard\wp-includes\template-loader.php(13): do_action('template_redire...')
#17 C:\xampp\htdocs\unit_customization_dashboard\wp-blog-header.php(19): require_once('C:\\xampp\\htdocs...')
#18 C:\xampp\htdocs\unit_customization_dashboard\index.php(17): require('C:\\xampp\\htdocs...')
#19 {main}
  thrown in C:\xampp\htdocs\unit_customization_dashboard\wp-content\themes\wplms-child\templates\profile\top.php on line 26

2023-01-12T06:23:10+00:00 CRITICAL Uncaught Error: Class "ForYou" not found in C:\xampp\htdocs\unit_customization_dashboard\wp-content\themes\wplms-child\templates\profile\top.php:26
Stack trace:
#0 C:\xampp\htdocs\unit_customization_dashboard\wp-content\themes\wplms\includes\init.php(1026): include_once()
#1 C:\xampp\htdocs\unit_customization_dashboard\wp-content\themes\wplms\members\single\home.php(17): vibe_include_template('profile/top.php')
#2 C:\xampp\htdocs\unit_customization_dashboard\wp-includes\template.php(783): require_once('C:\\xampp\\htdocs...')
#3 C:\xampp\htdocs\unit_customization_dashboard\wp-content\plugins\buddypress\bp-core\bp-core-catchuri.php(493): load_template('C:\\xampp\\htdocs...')
#4 C:\xampp\htdocs\unit_customization_dashboard\wp-content\plugins\buddypress\bp-xprofile\screens\public.php(35): bp_core_load_template('members/single/...')
#5 C:\xampp\htdocs\unit_customization_dashboard\wp-includes\class-wp-hook.php(308): xprofile_screen_display_profile('')
#6 C:\xampp\htdocs\unit_customization_dashboard\wp-includes\class-wp-hook.php(332): WP_Hook->apply_filters('', Array)
#7 C:\xampp\htdocs\unit_customization_dashboard\wp-includes\plugin.php(517): WP_Hook->do_action(Array)
#8 C:\xampp\htdocs\unit_customization_dashboard\wp-content\plugins\buddypress\bp-core\bp-core-dependency.php(359): do_action('bp_screens')
#9 C:\xampp\htdocs\unit_customization_dashboard\wp-includes\class-wp-hook.php(308): bp_screens('')
#10 C:\xampp\htdocs\unit_customization_dashboard\wp-includes\class-wp-hook.php(332): WP_Hook->apply_filters(NULL, Array)
#11 C:\xampp\htdocs\unit_customization_dashboard\wp-includes\plugin.php(517): WP_Hook->do_action(Array)
#12 C:\xampp\htdocs\unit_customization_dashboard\wp-content\plugins\buddypress\bp-core\bp-core-dependency.php(416): do_action('bp_template_red...')
#13 C:\xampp\htdocs\unit_customization_dashboard\wp-includes\class-wp-hook.php(308): bp_template_redirect('')
#14 C:\xampp\htdocs\unit_customization_dashboard\wp-includes\class-wp-hook.php(332): WP_Hook->apply_filters(NULL, Array)
#15 C:\xampp\htdocs\unit_customization_dashboard\wp-includes\plugin.php(517): WP_Hook->do_action(Array)
#16 C:\xampp\htdocs\unit_customization_dashboard\wp-includes\template-loader.php(13): do_action('template_redire...')
#17 C:\xampp\htdocs\unit_customization_dashboard\wp-blog-header.php(19): require_once('C:\\xampp\\htdocs...')
#18 C:\xampp\htdocs\unit_customization_dashboard\index.php(17): require('C:\\xampp\\htdocs...')
#19 {main}
  thrown in C:\xampp\htdocs\unit_customization_dashboard\wp-content\themes\wplms-child\templates\profile\top.php on line 26

2023-01-12T06:25:09+00:00 CRITICAL Uncaught Error: Class "ForYou" not found in C:\xampp\htdocs\unit_customization_dashboard\wp-content\themes\wplms-child\templates\profile\top.php:26
Stack trace:
#0 C:\xampp\htdocs\unit_customization_dashboard\wp-content\themes\wplms\includes\init.php(1026): include_once()
#1 C:\xampp\htdocs\unit_customization_dashboard\wp-content\themes\wplms\members\single\home.php(17): vibe_include_template('profile/top.php')
#2 C:\xampp\htdocs\unit_customization_dashboard\wp-includes\template.php(783): require_once('C:\\xampp\\htdocs...')
#3 C:\xampp\htdocs\unit_customization_dashboard\wp-content\plugins\buddypress\bp-core\bp-core-catchuri.php(493): load_template('C:\\xampp\\htdocs...')
#4 C:\xampp\htdocs\unit_customization_dashboard\wp-content\plugins\buddypress\bp-xprofile\screens\public.php(35): bp_core_load_template('members/single/...')
#5 C:\xampp\htdocs\unit_customization_dashboard\wp-includes\class-wp-hook.php(308): xprofile_screen_display_profile('')
#6 C:\xampp\htdocs\unit_customization_dashboard\wp-includes\class-wp-hook.php(332): WP_Hook->apply_filters('', Array)
#7 C:\xampp\htdocs\unit_customization_dashboard\wp-includes\plugin.php(517): WP_Hook->do_action(Array)
#8 C:\xampp\htdocs\unit_customization_dashboard\wp-content\plugins\buddypress\bp-core\bp-core-dependency.php(359): do_action('bp_screens')
#9 C:\xampp\htdocs\unit_customization_dashboard\wp-includes\class-wp-hook.php(308): bp_screens('')
#10 C:\xampp\htdocs\unit_customization_dashboard\wp-includes\class-wp-hook.php(332): WP_Hook->apply_filters(NULL, Array)
#11 C:\xampp\htdocs\unit_customization_dashboard\wp-includes\plugin.php(517): WP_Hook->do_action(Array)
#12 C:\xampp\htdocs\unit_customization_dashboard\wp-content\plugins\buddypress\bp-core\bp-core-dependency.php(416): do_action('bp_template_red...')
#13 C:\xampp\htdocs\unit_customization_dashboard\wp-includes\class-wp-hook.php(308): bp_template_redirect('')
#14 C:\xampp\htdocs\unit_customization_dashboard\wp-includes\class-wp-hook.php(332): WP_Hook->apply_filters(NULL, Array)
#15 C:\xampp\htdocs\unit_customization_dashboard\wp-includes\plugin.php(517): WP_Hook->do_action(Array)
#16 C:\xampp\htdocs\unit_customization_dashboard\wp-includes\template-loader.php(13): do_action('template_redire...')
#17 C:\xampp\htdocs\unit_customization_dashboard\wp-blog-header.php(19): require_once('C:\\xampp\\htdocs...')
#18 C:\xampp\htdocs\unit_customization_dashboard\index.php(17): require('C:\\xampp\\htdocs...')
#19 {main}
  thrown in C:\xampp\htdocs\unit_customization_dashboard\wp-content\themes\wplms-child\templates\profile\top.php on line 26

2023-01-12T06:25:52+00:00 CRITICAL Uncaught Error: Class "ForYou" not found in C:\xampp\htdocs\unit_customization_dashboard\wp-content\themes\wplms-child\templates\profile\top.php:28
Stack trace:
#0 C:\xampp\htdocs\unit_customization_dashboard\wp-content\themes\wplms\includes\init.php(1026): include_once()
#1 C:\xampp\htdocs\unit_customization_dashboard\wp-content\themes\wplms\members\single\home.php(17): vibe_include_template('profile/top.php')
#2 C:\xampp\htdocs\unit_customization_dashboard\wp-includes\template.php(783): require_once('C:\\xampp\\htdocs...')
#3 C:\xampp\htdocs\unit_customization_dashboard\wp-content\plugins\buddypress\bp-core\bp-core-catchuri.php(493): load_template('C:\\xampp\\htdocs...')
#4 C:\xampp\htdocs\unit_customization_dashboard\wp-content\plugins\buddypress\bp-xprofile\screens\public.php(35): bp_core_load_template('members/single/...')
#5 C:\xampp\htdocs\unit_customization_dashboard\wp-includes\class-wp-hook.php(308): xprofile_screen_display_profile('')
#6 C:\xampp\htdocs\unit_customization_dashboard\wp-includes\class-wp-hook.php(332): WP_Hook->apply_filters('', Array)
#7 C:\xampp\htdocs\unit_customization_dashboard\wp-includes\plugin.php(517): WP_Hook->do_action(Array)
#8 C:\xampp\htdocs\unit_customization_dashboard\wp-content\plugins\buddypress\bp-core\bp-core-dependency.php(359): do_action('bp_screens')
#9 C:\xampp\htdocs\unit_customization_dashboard\wp-includes\class-wp-hook.php(308): bp_screens('')
#10 C:\xampp\htdocs\unit_customization_dashboard\wp-includes\class-wp-hook.php(332): WP_Hook->apply_filters(NULL, Array)
#11 C:\xampp\htdocs\unit_customization_dashboard\wp-includes\plugin.php(517): WP_Hook->do_action(Array)
#12 C:\xampp\htdocs\unit_customization_dashboard\wp-content\plugins\buddypress\bp-core\bp-core-dependency.php(416): do_action('bp_template_red...')
#13 C:\xampp\htdocs\unit_customization_dashboard\wp-includes\class-wp-hook.php(308): bp_template_redirect('')
#14 C:\xampp\htdocs\unit_customization_dashboard\wp-includes\class-wp-hook.php(332): WP_Hook->apply_filters(NULL, Array)
#15 C:\xampp\htdocs\unit_customization_dashboard\wp-includes\plugin.php(517): WP_Hook->do_action(Array)
#16 C:\xampp\htdocs\unit_customization_dashboard\wp-includes\template-loader.php(13): do_action('template_redire...')
#17 C:\xampp\htdocs\unit_customization_dashboard\wp-blog-header.php(19): require_once('C:\\xampp\\htdocs...')
#18 C:\xampp\htdocs\unit_customization_dashboard\index.php(17): require('C:\\xampp\\htdocs...')
#19 {main}
  thrown in C:\xampp\htdocs\unit_customization_dashboard\wp-content\themes\wplms-child\templates\profile\top.php on line 28

2023-01-12T06:30:32+00:00 CRITICAL Unmatched '}' in C:\xampp\htdocs\unit_customization_dashboard\wp-content\themes\wplms-child\templates\profile\top.php on line 1441

2023-01-12T06:31:02+00:00 CRITICAL Unmatched '}' in C:\xampp\htdocs\unit_customization_dashboard\wp-content\themes\wplms-child\templates\profile\top.php on line 1441

2023-01-12T06:31:11+00:00 CRITICAL Unmatched '}' in C:\xampp\htdocs\unit_customization_dashboard\wp-content\themes\wplms-child\templates\profile\top.php on line 1441

2023-01-12T06:31:34+00:00 CRITICAL Unmatched '}' in C:\xampp\htdocs\unit_customization_dashboard\wp-content\themes\wplms-child\templates\profile\top.php on line 1440

2023-01-12T06:31:48+00:00 CRITICAL Unmatched '}' in C:\xampp\htdocs\unit_customization_dashboard\wp-content\themes\wplms-child\templates\profile\top.php on line 1440

2023-01-12T06:31:58+00:00 CRITICAL Unmatched '}' in C:\xampp\htdocs\unit_customization_dashboard\wp-content\themes\wplms-child\templates\profile\top.php on line 1440

2023-01-12T06:32:36+00:00 CRITICAL Uncaught Error: Class "Custom_Class" not found in C:\xampp\htdocs\unit_customization_dashboard\wp-content\themes\wplms-child\templates\profile\top.php:24
Stack trace:
#0 C:\xampp\htdocs\unit_customization_dashboard\wp-content\themes\wplms\includes\init.php(1026): include_once()
#1 C:\xampp\htdocs\unit_customization_dashboard\wp-content\themes\wplms\members\single\home.php(17): vibe_include_template('profile/top.php')
#2 C:\xampp\htdocs\unit_customization_dashboard\wp-includes\template.php(783): require_once('C:\\xampp\\htdocs...')
#3 C:\xampp\htdocs\unit_customization_dashboard\wp-content\plugins\buddypress\bp-core\bp-core-catchuri.php(493): load_template('C:\\xampp\\htdocs...')
#4 C:\xampp\htdocs\unit_customization_dashboard\wp-content\plugins\buddypress\bp-xprofile\screens\public.php(35): bp_core_load_template('members/single/...')
#5 C:\xampp\htdocs\unit_customization_dashboard\wp-includes\class-wp-hook.php(308): xprofile_screen_display_profile('')
#6 C:\xampp\htdocs\unit_customization_dashboard\wp-includes\class-wp-hook.php(332): WP_Hook->apply_filters('', Array)
#7 C:\xampp\htdocs\unit_customization_dashboard\wp-includes\plugin.php(517): WP_Hook->do_action(Array)
#8 C:\xampp\htdocs\unit_customization_dashboard\wp-content\plugins\buddypress\bp-core\bp-core-dependency.php(359): do_action('bp_screens')
#9 C:\xampp\htdocs\unit_customization_dashboard\wp-includes\class-wp-hook.php(308): bp_screens('')
#10 C:\xampp\htdocs\unit_customization_dashboard\wp-includes\class-wp-hook.php(332): WP_Hook->apply_filters(NULL, Array)
#11 C:\xampp\htdocs\unit_customization_dashboard\wp-includes\plugin.php(517): WP_Hook->do_action(Array)
#12 C:\xampp\htdocs\unit_customization_dashboard\wp-content\plugins\buddypress\bp-core\bp-core-dependency.php(416): do_action('bp_template_red...')
#13 C:\xampp\htdocs\unit_customization_dashboard\wp-includes\class-wp-hook.php(308): bp_template_redirect('')
#14 C:\xampp\htdocs\unit_customization_dashboard\wp-includes\class-wp-hook.php(332): WP_Hook->apply_filters(NULL, Array)
#15 C:\xampp\htdocs\unit_customization_dashboard\wp-includes\plugin.php(517): WP_Hook->do_action(Array)
#16 C:\xampp\htdocs\unit_customization_dashboard\wp-includes\template-loader.php(13): do_action('template_redire...')
#17 C:\xampp\htdocs\unit_customization_dashboard\wp-blog-header.php(19): require_once('C:\\xampp\\htdocs...')
#18 C:\xampp\htdocs\unit_customization_dashboard\index.php(17): require('C:\\xampp\\htdocs...')
#19 {main}
  thrown in C:\xampp\htdocs\unit_customization_dashboard\wp-content\themes\wplms-child\templates\profile\top.php on line 24

2023-01-12T06:32:55+00:00 CRITICAL Uncaught Error: Call to undefined method Custom_Class::index() in C:\xampp\htdocs\unit_customization_dashboard\wp-content\themes\wplms-child\templates\profile\top.php:26
Stack trace:
#0 C:\xampp\htdocs\unit_customization_dashboard\wp-content\themes\wplms\includes\init.php(1026): include_once()
#1 C:\xampp\htdocs\unit_customization_dashboard\wp-content\themes\wplms\members\single\home.php(17): vibe_include_template('profile/top.php')
#2 C:\xampp\htdocs\unit_customization_dashboard\wp-includes\template.php(783): require_once('C:\\xampp\\htdocs...')
#3 C:\xampp\htdocs\unit_customization_dashboard\wp-content\plugins\buddypress\bp-core\bp-core-catchuri.php(493): load_template('C:\\xampp\\htdocs...')
#4 C:\xampp\htdocs\unit_customization_dashboard\wp-content\plugins\buddypress\bp-xprofile\screens\public.php(35): bp_core_load_template('members/single/...')
#5 C:\xampp\htdocs\unit_customization_dashboard\wp-includes\class-wp-hook.php(308): xprofile_screen_display_profile('')
#6 C:\xampp\htdocs\unit_customization_dashboard\wp-includes\class-wp-hook.php(332): WP_Hook->apply_filters('', Array)
#7 C:\xampp\htdocs\unit_customization_dashboard\wp-includes\plugin.php(517): WP_Hook->do_action(Array)
#8 C:\xampp\htdocs\unit_customization_dashboard\wp-content\plugins\buddypress\bp-core\bp-core-dependency.php(359): do_action('bp_screens')
#9 C:\xampp\htdocs\unit_customization_dashboard\wp-includes\class-wp-hook.php(308): bp_screens('')
#10 C:\xampp\htdocs\unit_customization_dashboard\wp-includes\class-wp-hook.php(332): WP_Hook->apply_filters(NULL, Array)
#11 C:\xampp\htdocs\unit_customization_dashboard\wp-includes\plugin.php(517): WP_Hook->do_action(Array)
#12 C:\xampp\htdocs\unit_customization_dashboard\wp-content\plugins\buddypress\bp-core\bp-core-dependency.php(416): do_action('bp_template_red...')
#13 C:\xampp\htdocs\unit_customization_dashboard\wp-includes\class-wp-hook.php(308): bp_template_redirect('')
#14 C:\xampp\htdocs\unit_customization_dashboard\wp-includes\class-wp-hook.php(332): WP_Hook->apply_filters(NULL, Array)
#15 C:\xampp\htdocs\unit_customization_dashboard\wp-includes\plugin.php(517): WP_Hook->do_action(Array)
#16 C:\xampp\htdocs\unit_customization_dashboard\wp-includes\template-loader.php(13): do_action('template_redire...')
#17 C:\xampp\htdocs\unit_customization_dashboard\wp-blog-header.php(19): require_once('C:\\xampp\\htdocs...')
#18 C:\xampp\htdocs\unit_customization_dashboard\index.php(17): require('C:\\xampp\\htdocs...')
#19 {main}
  thrown in C:\xampp\htdocs\unit_customization_dashboard\wp-content\themes\wplms-child\templates\profile\top.php on line 26

2023-01-12T06:33:37+00:00 CRITICAL Uncaught Error: Class "Custom_Class" not found in C:\xampp\htdocs\unit_customization_dashboard\wp-content\themes\wplms-child\templates\profile\top.php:25
Stack trace:
#0 C:\xampp\htdocs\unit_customization_dashboard\wp-content\themes\wplms\includes\init.php(1026): include_once()
#1 C:\xampp\htdocs\unit_customization_dashboard\wp-content\themes\wplms\members\single\home.php(17): vibe_include_template('profile/top.php')
#2 C:\xampp\htdocs\unit_customization_dashboard\wp-includes\template.php(783): require_once('C:\\xampp\\htdocs...')
#3 C:\xampp\htdocs\unit_customization_dashboard\wp-content\plugins\buddypress\bp-core\bp-core-catchuri.php(493): load_template('C:\\xampp\\htdocs...')
#4 C:\xampp\htdocs\unit_customization_dashboard\wp-content\plugins\buddypress\bp-xprofile\screens\public.php(35): bp_core_load_template('members/single/...')
#5 C:\xampp\htdocs\unit_customization_dashboard\wp-includes\class-wp-hook.php(308): xprofile_screen_display_profile('')
#6 C:\xampp\htdocs\unit_customization_dashboard\wp-includes\class-wp-hook.php(332): WP_Hook->apply_filters('', Array)
#7 C:\xampp\htdocs\unit_customization_dashboard\wp-includes\plugin.php(517): WP_Hook->do_action(Array)
#8 C:\xampp\htdocs\unit_customization_dashboard\wp-content\plugins\buddypress\bp-core\bp-core-dependency.php(359): do_action('bp_screens')
#9 C:\xampp\htdocs\unit_customization_dashboard\wp-includes\class-wp-hook.php(308): bp_screens('')
#10 C:\xampp\htdocs\unit_customization_dashboard\wp-includes\class-wp-hook.php(332): WP_Hook->apply_filters(NULL, Array)
#11 C:\xampp\htdocs\unit_customization_dashboard\wp-includes\plugin.php(517): WP_Hook->do_action(Array)
#12 C:\xampp\htdocs\unit_customization_dashboard\wp-content\plugins\buddypress\bp-core\bp-core-dependency.php(416): do_action('bp_template_red...')
#13 C:\xampp\htdocs\unit_customization_dashboard\wp-includes\class-wp-hook.php(308): bp_template_redirect('')
#14 C:\xampp\htdocs\unit_customization_dashboard\wp-includes\class-wp-hook.php(332): WP_Hook->apply_filters(NULL, Array)
#15 C:\xampp\htdocs\unit_customization_dashboard\wp-includes\plugin.php(517): WP_Hook->do_action(Array)
#16 C:\xampp\htdocs\unit_customization_dashboard\wp-includes\template-loader.php(13): do_action('template_redire...')
#17 C:\xampp\htdocs\unit_customization_dashboard\wp-blog-header.php(19): require_once('C:\\xampp\\htdocs...')
#18 C:\xampp\htdocs\unit_customization_dashboard\index.php(17): require('C:\\xampp\\htdocs...')
#19 {main}
  thrown in C:\xampp\htdocs\unit_customization_dashboard\wp-content\themes\wplms-child\templates\profile\top.php on line 25

2023-01-12T06:34:10+00:00 CRITICAL Uncaught Error: Call to undefined method Custom_Class::index() in C:\xampp\htdocs\unit_customization_dashboard\wp-content\themes\wplms-child\templates\profile\top.php:26
Stack trace:
#0 C:\xampp\htdocs\unit_customization_dashboard\wp-content\themes\wplms\includes\init.php(1026): include_once()
#1 C:\xampp\htdocs\unit_customization_dashboard\wp-content\themes\wplms\members\single\home.php(17): vibe_include_template('profile/top.php')
#2 C:\xampp\htdocs\unit_customization_dashboard\wp-includes\template.php(783): require_once('C:\\xampp\\htdocs...')
#3 C:\xampp\htdocs\unit_customization_dashboard\wp-content\plugins\buddypress\bp-core\bp-core-catchuri.php(493): load_template('C:\\xampp\\htdocs...')
#4 C:\xampp\htdocs\unit_customization_dashboard\wp-content\plugins\buddypress\bp-xprofile\screens\public.php(35): bp_core_load_template('members/single/...')
#5 C:\xampp\htdocs\unit_customization_dashboard\wp-includes\class-wp-hook.php(308): xprofile_screen_display_profile('')
#6 C:\xampp\htdocs\unit_customization_dashboard\wp-includes\class-wp-hook.php(332): WP_Hook->apply_filters('', Array)
#7 C:\xampp\htdocs\unit_customization_dashboard\wp-includes\plugin.php(517): WP_Hook->do_action(Array)
#8 C:\xampp\htdocs\unit_customization_dashboard\wp-content\plugins\buddypress\bp-core\bp-core-dependency.php(359): do_action('bp_screens')
#9 C:\xampp\htdocs\unit_customization_dashboard\wp-includes\class-wp-hook.php(308): bp_screens('')
#10 C:\xampp\htdocs\unit_customization_dashboard\wp-includes\class-wp-hook.php(332): WP_Hook->apply_filters(NULL, Array)
#11 C:\xampp\htdocs\unit_customization_dashboard\wp-includes\plugin.php(517): WP_Hook->do_action(Array)
#12 C:\xampp\htdocs\unit_customization_dashboard\wp-content\plugins\buddypress\bp-core\bp-core-dependency.php(416): do_action('bp_template_red...')
#13 C:\xampp\htdocs\unit_customization_dashboard\wp-includes\class-wp-hook.php(308): bp_template_redirect('')
#14 C:\xampp\htdocs\unit_customization_dashboard\wp-includes\class-wp-hook.php(332): WP_Hook->apply_filters(NULL, Array)
#15 C:\xampp\htdocs\unit_customization_dashboard\wp-includes\plugin.php(517): WP_Hook->do_action(Array)
#16 C:\xampp\htdocs\unit_customization_dashboard\wp-includes\template-loader.php(13): do_action('template_redire...')
#17 C:\xampp\htdocs\unit_customization_dashboard\wp-blog-header.php(19): require_once('C:\\xampp\\htdocs...')
#18 C:\xampp\htdocs\unit_customization_dashboard\index.php(17): require('C:\\xampp\\htdocs...')
#19 {main}
  thrown in C:\xampp\htdocs\unit_customization_dashboard\wp-content\themes\wplms-child\templates\profile\top.php on line 26

2023-01-12T06:35:16+00:00 CRITICAL Uncaught Error: Class "Custom_Class" not found in C:\xampp\htdocs\unit_customization_dashboard\wp-content\themes\wplms-child\templates\profile\top.php:25
Stack trace:
#0 C:\xampp\htdocs\unit_customization_dashboard\wp-content\themes\wplms\includes\init.php(1026): include_once()
#1 C:\xampp\htdocs\unit_customization_dashboard\wp-content\themes\wplms\members\single\home.php(17): vibe_include_template('profile/top.php')
#2 C:\xampp\htdocs\unit_customization_dashboard\wp-includes\template.php(783): require_once('C:\\xampp\\htdocs...')
#3 C:\xampp\htdocs\unit_customization_dashboard\wp-content\plugins\buddypress\bp-core\bp-core-catchuri.php(493): load_template('C:\\xampp\\htdocs...')
#4 C:\xampp\htdocs\unit_customization_dashboard\wp-content\plugins\buddypress\bp-xprofile\screens\public.php(35): bp_core_load_template('members/single/...')
#5 C:\xampp\htdocs\unit_customization_dashboard\wp-includes\class-wp-hook.php(308): xprofile_screen_display_profile('')
#6 C:\xampp\htdocs\unit_customization_dashboard\wp-includes\class-wp-hook.php(332): WP_Hook->apply_filters('', Array)
#7 C:\xampp\htdocs\unit_customization_dashboard\wp-includes\plugin.php(517): WP_Hook->do_action(Array)
#8 C:\xampp\htdocs\unit_customization_dashboard\wp-content\plugins\buddypress\bp-core\bp-core-dependency.php(359): do_action('bp_screens')
#9 C:\xampp\htdocs\unit_customization_dashboard\wp-includes\class-wp-hook.php(308): bp_screens('')
#10 C:\xampp\htdocs\unit_customization_dashboard\wp-includes\class-wp-hook.php(332): WP_Hook->apply_filters(NULL, Array)
#11 C:\xampp\htdocs\unit_customization_dashboard\wp-includes\plugin.php(517): WP_Hook->do_action(Array)
#12 C:\xampp\htdocs\unit_customization_dashboard\wp-content\plugins\buddypress\bp-core\bp-core-dependency.php(416): do_action('bp_template_red...')
#13 C:\xampp\htdocs\unit_customization_dashboard\wp-includes\class-wp-hook.php(308): bp_template_redirect('')
#14 C:\xampp\htdocs\unit_customization_dashboard\wp-includes\class-wp-hook.php(332): WP_Hook->apply_filters(NULL, Array)
#15 C:\xampp\htdocs\unit_customization_dashboard\wp-includes\plugin.php(517): WP_Hook->do_action(Array)
#16 C:\xampp\htdocs\unit_customization_dashboard\wp-includes\template-loader.php(13): do_action('template_redire...')
#17 C:\xampp\htdocs\unit_customization_dashboard\wp-blog-header.php(19): require_once('C:\\xampp\\htdocs...')
#18 C:\xampp\htdocs\unit_customization_dashboard\index.php(17): require('C:\\xampp\\htdocs...')
#19 {main}
  thrown in C:\xampp\htdocs\unit_customization_dashboard\wp-content\themes\wplms-child\templates\profile\top.php on line 25

2023-01-12T06:37:45+00:00 CRITICAL Uncaught Error: Failed opening required 'C:\xampp\htdocs\unit_customization_dashboard/wp-content/themes/wplms-child/classes/forYou.php' (include_path='C:\xampp\php\PEAR') in C:\xampp\htdocs\unit_customization_dashboard\wp-content\themes\wplms-child\templates\profile\top.php:23
Stack trace:
#0 C:\xampp\htdocs\unit_customization_dashboard\wp-content\themes\wplms\includes\init.php(1026): include_once()
#1 C:\xampp\htdocs\unit_customization_dashboard\wp-content\themes\wplms\members\single\home.php(17): vibe_include_template('profile/top.php')
#2 C:\xampp\htdocs\unit_customization_dashboard\wp-includes\template.php(783): require_once('C:\\xampp\\htdocs...')
#3 C:\xampp\htdocs\unit_customization_dashboard\wp-content\plugins\buddypress\bp-core\bp-core-catchuri.php(493): load_template('C:\\xampp\\htdocs...')
#4 C:\xampp\htdocs\unit_customization_dashboard\wp-content\plugins\buddypress\bp-xprofile\screens\public.php(35): bp_core_load_template('members/single/...')
#5 C:\xampp\htdocs\unit_customization_dashboard\wp-includes\class-wp-hook.php(308): xprofile_screen_display_profile('')
#6 C:\xampp\htdocs\unit_customization_dashboard\wp-includes\class-wp-hook.php(332): WP_Hook->apply_filters('', Array)
#7 C:\xampp\htdocs\unit_customization_dashboard\wp-includes\plugin.php(517): WP_Hook->do_action(Array)
#8 C:\xampp\htdocs\unit_customization_dashboard\wp-content\plugins\buddypress\bp-core\bp-core-dependency.php(359): do_action('bp_screens')
#9 C:\xampp\htdocs\unit_customization_dashboard\wp-includes\class-wp-hook.php(308): bp_screens('')
#10 C:\xampp\htdocs\unit_customization_dashboard\wp-includes\class-wp-hook.php(332): WP_Hook->apply_filters(NULL, Array)
#11 C:\xampp\htdocs\unit_customization_dashboard\wp-includes\plugin.php(517): WP_Hook->do_action(Array)
#12 C:\xampp\htdocs\unit_customization_dashboard\wp-content\plugins\buddypress\bp-core\bp-core-dependency.php(416): do_action('bp_template_red...')
#13 C:\xampp\htdocs\unit_customization_dashboard\wp-includes\class-wp-hook.php(308): bp_template_redirect('')
#14 C:\xampp\htdocs\unit_customization_dashboard\wp-includes\class-wp-hook.php(332): WP_Hook->apply_filters(NULL, Array)
#15 C:\xampp\htdocs\unit_customization_dashboard\wp-includes\plugin.php(517): WP_Hook->do_action(Array)
#16 C:\xampp\htdocs\unit_customization_dashboard\wp-includes\template-loader.php(13): do_action('template_redire...')
#17 C:\xampp\htdocs\unit_customization_dashboard\wp-blog-header.php(19): require_once('C:\\xampp\\htdocs...')
#18 C:\xampp\htdocs\unit_customization_dashboard\index.php(17): require('C:\\xampp\\htdocs...')
#19 {main}
  thrown in C:\xampp\htdocs\unit_customization_dashboard\wp-content\themes\wplms-child\templates\profile\top.php on line 23

2023-01-12T06:37:57+00:00 CRITICAL Uncaught Error: Failed opening required 'C:\xampp\htdocs\unit_customization_dashboard/wp-content/themes/wplms-child/classes/forYou.php' (include_path='C:\xampp\php\PEAR') in C:\xampp\htdocs\unit_customization_dashboard\wp-content\themes\wplms-child\templates\profile\top.php:23
Stack trace:
#0 C:\xampp\htdocs\unit_customization_dashboard\wp-content\themes\wplms\includes\init.php(1026): include_once()
#1 C:\xampp\htdocs\unit_customization_dashboard\wp-content\themes\wplms\members\single\home.php(17): vibe_include_template('profile/top.php')
#2 C:\xampp\htdocs\unit_customization_dashboard\wp-includes\template.php(783): require_once('C:\\xampp\\htdocs...')
#3 C:\xampp\htdocs\unit_customization_dashboard\wp-content\plugins\buddypress\bp-core\bp-core-catchuri.php(493): load_template('C:\\xampp\\htdocs...')
#4 C:\xampp\htdocs\unit_customization_dashboard\wp-content\plugins\buddypress\bp-xprofile\screens\public.php(35): bp_core_load_template('members/single/...')
#5 C:\xampp\htdocs\unit_customization_dashboard\wp-includes\class-wp-hook.php(308): xprofile_screen_display_profile('')
#6 C:\xampp\htdocs\unit_customization_dashboard\wp-includes\class-wp-hook.php(332): WP_Hook->apply_filters('', Array)
#7 C:\xampp\htdocs\unit_customization_dashboard\wp-includes\plugin.php(517): WP_Hook->do_action(Array)
#8 C:\xampp\htdocs\unit_customization_dashboard\wp-content\plugins\buddypress\bp-core\bp-core-dependency.php(359): do_action('bp_screens')
#9 C:\xampp\htdocs\unit_customization_dashboard\wp-includes\class-wp-hook.php(308): bp_screens('')
#10 C:\xampp\htdocs\unit_customization_dashboard\wp-includes\class-wp-hook.php(332): WP_Hook->apply_filters(NULL, Array)
#11 C:\xampp\htdocs\unit_customization_dashboard\wp-includes\plugin.php(517): WP_Hook->do_action(Array)
#12 C:\xampp\htdocs\unit_customization_dashboard\wp-content\plugins\buddypress\bp-core\bp-core-dependency.php(416): do_action('bp_template_red...')
#13 C:\xampp\htdocs\unit_customization_dashboard\wp-includes\class-wp-hook.php(308): bp_template_redirect('')
#14 C:\xampp\htdocs\unit_customization_dashboard\wp-includes\class-wp-hook.php(332): WP_Hook->apply_filters(NULL, Array)
#15 C:\xampp\htdocs\unit_customization_dashboard\wp-includes\plugin.php(517): WP_Hook->do_action(Array)
#16 C:\xampp\htdocs\unit_customization_dashboard\wp-includes\template-loader.php(13): do_action('template_redire...')
#17 C:\xampp\htdocs\unit_customization_dashboard\wp-blog-header.php(19): require_once('C:\\xampp\\htdocs...')
#18 C:\xampp\htdocs\unit_customization_dashboard\index.php(17): require('C:\\xampp\\htdocs...')
#19 {main}
  thrown in C:\xampp\htdocs\unit_customization_dashboard\wp-content\themes\wplms-child\templates\profile\top.php on line 23

2023-01-12T06:38:03+00:00 CRITICAL Uncaught Error: Failed opening required 'C:\xampp\htdocs\unit_customization_dashboard/wp-content/themes/wplms-child/classes/forYou.php' (include_path='C:\xampp\php\PEAR') in C:\xampp\htdocs\unit_customization_dashboard\wp-content\themes\wplms-child\templates\profile\top.php:23
Stack trace:
#0 C:\xampp\htdocs\unit_customization_dashboard\wp-content\themes\wplms\includes\init.php(1026): include_once()
#1 C:\xampp\htdocs\unit_customization_dashboard\wp-content\themes\wplms\members\single\home.php(17): vibe_include_template('profile/top.php')
#2 C:\xampp\htdocs\unit_customization_dashboard\wp-includes\template.php(783): require_once('C:\\xampp\\htdocs...')
#3 C:\xampp\htdocs\unit_customization_dashboard\wp-content\plugins\buddypress\bp-core\bp-core-catchuri.php(493): load_template('C:\\xampp\\htdocs...')
#4 C:\xampp\htdocs\unit_customization_dashboard\wp-content\plugins\buddypress\bp-xprofile\screens\public.php(35): bp_core_load_template('members/single/...')
#5 C:\xampp\htdocs\unit_customization_dashboard\wp-includes\class-wp-hook.php(308): xprofile_screen_display_profile('')
#6 C:\xampp\htdocs\unit_customization_dashboard\wp-includes\class-wp-hook.php(332): WP_Hook->apply_filters('', Array)
#7 C:\xampp\htdocs\unit_customization_dashboard\wp-includes\plugin.php(517): WP_Hook->do_action(Array)
#8 C:\xampp\htdocs\unit_customization_dashboard\wp-content\plugins\buddypress\bp-core\bp-core-dependency.php(359): do_action('bp_screens')
#9 C:\xampp\htdocs\unit_customization_dashboard\wp-includes\class-wp-hook.php(308): bp_screens('')
#10 C:\xampp\htdocs\unit_customization_dashboard\wp-includes\class-wp-hook.php(332): WP_Hook->apply_filters(NULL, Array)
#11 C:\xampp\htdocs\unit_customization_dashboard\wp-includes\plugin.php(517): WP_Hook->do_action(Array)
#12 C:\xampp\htdocs\unit_customization_dashboard\wp-content\plugins\buddypress\bp-core\bp-core-dependency.php(416): do_action('bp_template_red...')
#13 C:\xampp\htdocs\unit_customization_dashboard\wp-includes\class-wp-hook.php(308): bp_template_redirect('')
#14 C:\xampp\htdocs\unit_customization_dashboard\wp-includes\class-wp-hook.php(332): WP_Hook->apply_filters(NULL, Array)
#15 C:\xampp\htdocs\unit_customization_dashboard\wp-includes\plugin.php(517): WP_Hook->do_action(Array)
#16 C:\xampp\htdocs\unit_customization_dashboard\wp-includes\template-loader.php(13): do_action('template_redire...')
#17 C:\xampp\htdocs\unit_customization_dashboard\wp-blog-header.php(19): require_once('C:\\xampp\\htdocs...')
#18 C:\xampp\htdocs\unit_customization_dashboard\index.php(17): require('C:\\xampp\\htdocs...')
#19 {main}
  thrown in C:\xampp\htdocs\unit_customization_dashboard\wp-content\themes\wplms-child\templates\profile\top.php on line 23

2023-01-12T09:20:18+00:00 CRITICAL Uncaught TypeError: implode(): Argument #2 ($array) must be of type ?array, string given in C:\xampp\htdocs\unit_customization_dashboard\wp-content\themes\wplms-child\classes\for_you.php:29
Stack trace:
#0 C:\xampp\htdocs\unit_customization_dashboard\wp-content\themes\wplms-child\classes\for_you.php(29): implode(',', '164')
#1 C:\xampp\htdocs\unit_customization_dashboard\wp-content\themes\wplms-child\templates\profile\top.php(6): ForYou->insert(Array)
#2 C:\xampp\htdocs\unit_customization_dashboard\wp-content\themes\wplms\includes\init.php(1026): include_once('C:\\xampp\\htdocs...')
#3 C:\xampp\htdocs\unit_customization_dashboard\wp-content\themes\wplms\members\single\home.php(17): vibe_include_template('profile/top.php')
#4 C:\xampp\htdocs\unit_customization_dashboard\wp-includes\template.php(783): require_once('C:\\xampp\\htdocs...')
#5 C:\xampp\htdocs\unit_customization_dashboard\wp-content\plugins\buddypress\bp-core\bp-core-catchuri.php(493): load_template('C:\\xampp\\htdocs...')
#6 C:\xampp\htdocs\unit_customization_dashboard\wp-content\plugins\buddypress\bp-xprofile\screens\public.php(35): bp_core_load_template('members/single/...')
#7 C:\xampp\htdocs\unit_customization_dashboard\wp-includes\class-wp-hook.php(308): xprofile_screen_display_profile('')
#8 C:\xampp\htdocs\unit_customization_dashboard\wp-includes\class-wp-hook.php(332): WP_Hook->apply_filters('', Array)
#9 C:\xampp\htdocs\unit_customization_dashboard\wp-includes\plugin.php(517): WP_Hook->do_action(Array)
#10 C:\xampp\htdocs\unit_customization_dashboard\wp-content\plugins\buddypress\bp-core\bp-core-dependency.php(359): do_action('bp_screens')
#11 C:\xampp\htdocs\unit_customization_dashboard\wp-includes\class-wp-hook.php(308): bp_screens('')
#12 C:\xampp\htdocs\unit_customization_dashboard\wp-includes\class-wp-hook.php(332): WP_Hook->apply_filters(NULL, Array)
#13 C:\xampp\htdocs\unit_customization_dashboard\wp-includes\plugin.php(517): WP_Hook->do_action(Array)
#14 C:\xampp\htdocs\unit_customization_dashboard\wp-content\plugins\buddypress\bp-core\bp-core-dependency.php(416): do_action('bp_template_red...')
#15 C:\xampp\htdocs\unit_customization_dashboard\wp-includes\class-wp-hook.php(308): bp_template_redirect('')
#16 C:\xampp\htdocs\unit_customization_dashboard\wp-includes\class-wp-hook.php(332): WP_Hook->apply_filters(NULL, Array)
#17 C:\xampp\htdocs\unit_customization_dashboard\wp-includes\plugin.php(517): WP_Hook->do_action(Array)
#18 C:\xampp\htdocs\unit_customization_dashboard\wp-includes\template-loader.php(13): do_action('template_redire...')
#19 C:\xampp\htdocs\unit_customization_dashboard\wp-blog-header.php(19): require_once('C:\\xampp\\htdocs...')
#20 C:\xampp\htdocs\unit_customization_dashboard\index.php(17): require('C:\\xampp\\htdocs...')
#21 {main}
  thrown in C:\xampp\htdocs\unit_customization_dashboard\wp-content\themes\wplms-child\classes\for_you.php on line 29

2023-01-12T09:23:48+00:00 CRITICAL Uncaught TypeError: implode(): Argument #2 ($array) must be of type ?array, string given in C:\xampp\htdocs\unit_customization_dashboard\wp-content\themes\wplms-child\classes\for_you.php:30
Stack trace:
#0 C:\xampp\htdocs\unit_customization_dashboard\wp-content\themes\wplms-child\classes\for_you.php(30): implode(',', '164,169,173')
#1 C:\xampp\htdocs\unit_customization_dashboard\wp-content\themes\wplms-child\templates\profile\top.php(6): ForYou->insert(Array)
#2 C:\xampp\htdocs\unit_customization_dashboard\wp-content\themes\wplms\includes\init.php(1026): include_once('C:\\xampp\\htdocs...')
#3 C:\xampp\htdocs\unit_customization_dashboard\wp-content\themes\wplms\members\single\home.php(17): vibe_include_template('profile/top.php')
#4 C:\xampp\htdocs\unit_customization_dashboard\wp-includes\template.php(783): require_once('C:\\xampp\\htdocs...')
#5 C:\xampp\htdocs\unit_customization_dashboard\wp-content\plugins\buddypress\bp-core\bp-core-catchuri.php(493): load_template('C:\\xampp\\htdocs...')
#6 C:\xampp\htdocs\unit_customization_dashboard\wp-content\plugins\buddypress\bp-xprofile\screens\public.php(35): bp_core_load_template('members/single/...')
#7 C:\xampp\htdocs\unit_customization_dashboard\wp-includes\class-wp-hook.php(308): xprofile_screen_display_profile('')
#8 C:\xampp\htdocs\unit_customization_dashboard\wp-includes\class-wp-hook.php(332): WP_Hook->apply_filters('', Array)
#9 C:\xampp\htdocs\unit_customization_dashboard\wp-includes\plugin.php(517): WP_Hook->do_action(Array)
#10 C:\xampp\htdocs\unit_customization_dashboard\wp-content\plugins\buddypress\bp-core\bp-core-dependency.php(359): do_action('bp_screens')
#11 C:\xampp\htdocs\unit_customization_dashboard\wp-includes\class-wp-hook.php(308): bp_screens('')
#12 C:\xampp\htdocs\unit_customization_dashboard\wp-includes\class-wp-hook.php(332): WP_Hook->apply_filters(NULL, Array)
#13 C:\xampp\htdocs\unit_customization_dashboard\wp-includes\plugin.php(517): WP_Hook->do_action(Array)
#14 C:\xampp\htdocs\unit_customization_dashboard\wp-content\plugins\buddypress\bp-core\bp-core-dependency.php(416): do_action('bp_template_red...')
#15 C:\xampp\htdocs\unit_customization_dashboard\wp-includes\class-wp-hook.php(308): bp_template_redirect('')
#16 C:\xampp\htdocs\unit_customization_dashboard\wp-includes\class-wp-hook.php(332): WP_Hook->apply_filters(NULL, Array)
#17 C:\xampp\htdocs\unit_customization_dashboard\wp-includes\plugin.php(517): WP_Hook->do_action(Array)
#18 C:\xampp\htdocs\unit_customization_dashboard\wp-includes\template-loader.php(13): do_action('template_redire...')
#19 C:\xampp\htdocs\unit_customization_dashboard\wp-blog-header.php(19): require_once('C:\\xampp\\htdocs...')
#20 C:\xampp\htdocs\unit_customization_dashboard\index.php(17): require('C:\\xampp\\htdocs...')
#21 {main}
  thrown in C:\xampp\htdocs\unit_customization_dashboard\wp-content\themes\wplms-child\classes\for_you.php on line 30

